{"C:\\intern\\incident-management-portal-backend\\backend\\controllers\\activityController.js": {"path":"C:\\intern\\incident-management-portal-backend\\backend\\controllers\\activityController.js","statementMap":{"0":{"start":{"line":1,"column":24},"end":{"line":1,"column":62}},"1":{"start":{"line":4,"column":30},"end":{"line":12,"column":1}},"2":{"start":{"line":5,"column":2},"end":{"line":11,"column":3}},"3":{"start":{"line":6,"column":23},"end":{"line":6,"column":87}},"4":{"start":{"line":7,"column":4},"end":{"line":7,"column":37}},"5":{"start":{"line":9,"column":4},"end":{"line":9,"column":15}},"6":{"start":{"line":14,"column":0},"end":{"line":14,"column":43}}},"fnMap":{"0":{"name":"(anonymous_0)","decl":{"start":{"line":4,"column":30},"end":{"line":4,"column":31}},"loc":{"start":{"line":4,"column":55},"end":{"line":12,"column":1}},"line":4}},"branchMap":{},"s":{"0":1,"1":1,"2":2,"3":2,"4":1,"5":1,"6":1},"f":{"0":2},"b":{},"_coverageSchema":"1a1c01bbd47fc00a2c39e90264f33305004495a9","hash":"88b8b8189b190362ba0b3694277788739706cd43"}
,"C:\\intern\\incident-management-portal-backend\\backend\\controllers\\authController.js": {"path":"C:\\intern\\incident-management-portal-backend\\backend\\controllers\\authController.js","statementMap":{"0":{"start":{"line":1,"column":20},"end":{"line":1,"column":54}},"1":{"start":{"line":5,"column":17},"end":{"line":15,"column":1}},"2":{"start":{"line":6,"column":2},"end":{"line":14,"column":3}},"3":{"start":{"line":8,"column":21},"end":{"line":8,"column":61}},"4":{"start":{"line":9,"column":4},"end":{"line":9,"column":35}},"5":{"start":{"line":11,"column":4},"end":{"line":11,"column":15}},"6":{"start":{"line":17,"column":14},"end":{"line":26,"column":1}},"7":{"start":{"line":18,"column":2},"end":{"line":25,"column":3}},"8":{"start":{"line":19,"column":21},"end":{"line":19,"column":58}},"9":{"start":{"line":20,"column":4},"end":{"line":20,"column":35}},"10":{"start":{"line":22,"column":4},"end":{"line":22,"column":15}},"11":{"start":{"line":28,"column":14},"end":{"line":35,"column":1}},"12":{"start":{"line":29,"column":1},"end":{"line":34,"column":3}},"13":{"start":{"line":30,"column":4},"end":{"line":30,"column":35}},"14":{"start":{"line":33,"column":4},"end":{"line":33,"column":16}},"15":{"start":{"line":37,"column":0},"end":{"line":37,"column":44}}},"fnMap":{"0":{"name":"(anonymous_0)","decl":{"start":{"line":5,"column":17},"end":{"line":5,"column":18}},"loc":{"start":{"line":5,"column":43},"end":{"line":15,"column":1}},"line":5},"1":{"name":"(anonymous_1)","decl":{"start":{"line":17,"column":14},"end":{"line":17,"column":15}},"loc":{"start":{"line":17,"column":39},"end":{"line":26,"column":1}},"line":17},"2":{"name":"(anonymous_2)","decl":{"start":{"line":28,"column":14},"end":{"line":28,"column":15}},"loc":{"start":{"line":28,"column":39},"end":{"line":35,"column":1}},"line":28}},"branchMap":{},"s":{"0":1,"1":1,"2":2,"3":2,"4":1,"5":1,"6":1,"7":2,"8":2,"9":1,"10":1,"11":1,"12":2,"13":2,"14":1,"15":1},"f":{"0":2,"1":2,"2":2},"b":{},"_coverageSchema":"1a1c01bbd47fc00a2c39e90264f33305004495a9","hash":"9959a89e0e09f84cf49fa8f31f02264e6d00a0b9"}
,"C:\\intern\\incident-management-portal-backend\\backend\\controllers\\categoryController.js": {"path":"C:\\intern\\incident-management-portal-backend\\backend\\controllers\\categoryController.js","statementMap":{"0":{"start":{"line":1,"column":24},"end":{"line":1,"column":62}},"1":{"start":{"line":3,"column":23},"end":{"line":12,"column":1}},"2":{"start":{"line":4,"column":2},"end":{"line":11,"column":3}},"3":{"start":{"line":5,"column":34},"end":{"line":5,"column":42}},"4":{"start":{"line":6,"column":21},"end":{"line":6,"column":76}},"5":{"start":{"line":7,"column":4},"end":{"line":7,"column":35}},"6":{"start":{"line":9,"column":4},"end":{"line":9,"column":15}},"7":{"start":{"line":14,"column":22},"end":{"line":22,"column":1}},"8":{"start":{"line":15,"column":2},"end":{"line":21,"column":3}},"9":{"start":{"line":16,"column":23},"end":{"line":16,"column":60}},"10":{"start":{"line":17,"column":4},"end":{"line":17,"column":37}},"11":{"start":{"line":19,"column":3},"end":{"line":19,"column":14}},"12":{"start":{"line":25,"column":23},"end":{"line":43,"column":1}},"13":{"start":{"line":26,"column":2},"end":{"line":39,"column":3}},"14":{"start":{"line":27,"column":19},"end":{"line":27,"column":29}},"15":{"start":{"line":28,"column":34},"end":{"line":28,"column":42}},"16":{"start":{"line":30,"column":28},"end":{"line":30,"column":91}},"17":{"start":{"line":31,"column":4},"end":{"line":31,"column":42}},"18":{"start":{"line":35,"column":4},"end":{"line":35,"column":15}},"19":{"start":{"line":45,"column":23},"end":{"line":57,"column":1}},"20":{"start":{"line":46,"column":0},"end":{"line":56,"column":3}},"21":{"start":{"line":47,"column":19},"end":{"line":47,"column":29}},"22":{"start":{"line":50,"column":21},"end":{"line":50,"column":61}},"23":{"start":{"line":52,"column":4},"end":{"line":52,"column":35}},"24":{"start":{"line":54,"column":4},"end":{"line":54,"column":15}},"25":{"start":{"line":61,"column":0},"end":{"line":61,"column":82}}},"fnMap":{"0":{"name":"(anonymous_0)","decl":{"start":{"line":3,"column":23},"end":{"line":3,"column":24}},"loc":{"start":{"line":3,"column":49},"end":{"line":12,"column":1}},"line":3},"1":{"name":"(anonymous_1)","decl":{"start":{"line":14,"column":22},"end":{"line":14,"column":23}},"loc":{"start":{"line":14,"column":47},"end":{"line":22,"column":1}},"line":14},"2":{"name":"(anonymous_2)","decl":{"start":{"line":25,"column":23},"end":{"line":25,"column":24}},"loc":{"start":{"line":25,"column":48},"end":{"line":43,"column":1}},"line":25},"3":{"name":"(anonymous_3)","decl":{"start":{"line":45,"column":23},"end":{"line":45,"column":24}},"loc":{"start":{"line":45,"column":48},"end":{"line":57,"column":1}},"line":45}},"branchMap":{},"s":{"0":1,"1":1,"2":2,"3":2,"4":2,"5":1,"6":1,"7":1,"8":2,"9":2,"10":1,"11":1,"12":1,"13":2,"14":2,"15":2,"16":2,"17":1,"18":1,"19":1,"20":2,"21":2,"22":2,"23":1,"24":1,"25":1},"f":{"0":2,"1":2,"2":2,"3":2},"b":{},"_coverageSchema":"1a1c01bbd47fc00a2c39e90264f33305004495a9","hash":"3eeb8f8318813c98223cb39b19612c30188526f0"}
,"C:\\intern\\incident-management-portal-backend\\backend\\controllers\\commentController.js": {"path":"C:\\intern\\incident-management-portal-backend\\backend\\controllers\\commentController.js","statementMap":{"0":{"start":{"line":2,"column":23},"end":{"line":2,"column":60}},"1":{"start":{"line":4,"column":26},"end":{"line":4,"column":57}},"2":{"start":{"line":6,"column":19},"end":{"line":29,"column":1}},"3":{"start":{"line":7,"column":2},"end":{"line":28,"column":3}},"4":{"start":{"line":8,"column":36},"end":{"line":8,"column":44}},"5":{"start":{"line":9,"column":31},"end":{"line":9,"column":41}},"6":{"start":{"line":11,"column":4},"end":{"line":12,"column":65}},"7":{"start":{"line":12,"column":0},"end":{"line":12,"column":60}},"8":{"start":{"line":14,"column":20},"end":{"line":19,"column":6}},"9":{"start":{"line":21,"column":4},"end":{"line":24,"column":7}},"10":{"start":{"line":26,"column":4},"end":{"line":26,"column":15}},"11":{"start":{"line":31,"column":20},"end":{"line":41,"column":1}},"12":{"start":{"line":32,"column":2},"end":{"line":40,"column":3}},"13":{"start":{"line":33,"column":31},"end":{"line":33,"column":41}},"14":{"start":{"line":34,"column":21},"end":{"line":34,"column":88}},"15":{"start":{"line":36,"column":4},"end":{"line":36,"column":35}},"16":{"start":{"line":38,"column":4},"end":{"line":38,"column":15}},"17":{"start":{"line":43,"column":28},"end":{"line":51,"column":1}},"18":{"start":{"line":44,"column":2},"end":{"line":50,"column":3}},"19":{"start":{"line":45,"column":21},"end":{"line":45,"column":80}},"20":{"start":{"line":46,"column":4},"end":{"line":46,"column":35}},"21":{"start":{"line":48,"column":4},"end":{"line":48,"column":15}},"22":{"start":{"line":53,"column":0},"end":{"line":53,"column":66}}},"fnMap":{"0":{"name":"(anonymous_0)","decl":{"start":{"line":6,"column":19},"end":{"line":6,"column":20}},"loc":{"start":{"line":6,"column":45},"end":{"line":29,"column":1}},"line":6},"1":{"name":"(anonymous_1)","decl":{"start":{"line":31,"column":20},"end":{"line":31,"column":21}},"loc":{"start":{"line":31,"column":45},"end":{"line":41,"column":1}},"line":31},"2":{"name":"(anonymous_2)","decl":{"start":{"line":43,"column":28},"end":{"line":43,"column":29}},"loc":{"start":{"line":43,"column":53},"end":{"line":51,"column":1}},"line":43}},"branchMap":{"0":{"loc":{"start":{"line":11,"column":4},"end":{"line":12,"column":65}},"type":"if","locations":[{"start":{"line":11,"column":4},"end":{"line":12,"column":65}},{"start":{},"end":{}}],"line":11},"1":{"loc":{"start":{"line":18,"column":18},"end":{"line":18,"column":76}},"type":"cond-expr","locations":[{"start":{"line":18,"column":49},"end":{"line":18,"column":54}},{"start":{"line":18,"column":57},"end":{"line":18,"column":76}}],"line":18}},"s":{"0":1,"1":1,"2":1,"3":4,"4":4,"5":4,"6":4,"7":1,"8":3,"9":2,"10":2,"11":1,"12":2,"13":2,"14":2,"15":1,"16":1,"17":1,"18":2,"19":2,"20":1,"21":1,"22":1},"f":{"0":4,"1":2,"2":2},"b":{"0":[1,3],"1":[1,2]},"_coverageSchema":"1a1c01bbd47fc00a2c39e90264f33305004495a9","hash":"b5b8acde4dcc99f1260c52aa250fcd4beb96fcdd"}
,"C:\\intern\\incident-management-portal-backend\\backend\\controllers\\incidentController.js": {"path":"C:\\intern\\incident-management-portal-backend\\backend\\controllers\\incidentController.js","statementMap":{"0":{"start":{"line":1,"column":24},"end":{"line":1,"column":62}},"1":{"start":{"line":2,"column":13},"end":{"line":2,"column":38}},"2":{"start":{"line":3,"column":17},"end":{"line":3,"column":46}},"3":{"start":{"line":4,"column":17},"end":{"line":4,"column":36}},"4":{"start":{"line":6,"column":15},"end":{"line":6,"column":41}},"5":{"start":{"line":8,"column":23},"end":{"line":30,"column":1}},"6":{"start":{"line":9,"column":2},"end":{"line":29,"column":3}},"7":{"start":{"line":10,"column":67},"end":{"line":10,"column":75}},"8":{"start":{"line":12,"column":21},"end":{"line":20,"column":6}},"9":{"start":{"line":22,"column":4},"end":{"line":25,"column":7}},"10":{"start":{"line":28,"column":3},"end":{"line":28,"column":14}},"11":{"start":{"line":32,"column":21},"end":{"line":40,"column":1}},"12":{"start":{"line":33,"column":2},"end":{"line":39,"column":3}},"13":{"start":{"line":34,"column":22},"end":{"line":34,"column":77}},"14":{"start":{"line":35,"column":4},"end":{"line":35,"column":36}},"15":{"start":{"line":37,"column":4},"end":{"line":37,"column":15}},"16":{"start":{"line":42,"column":23},"end":{"line":51,"column":1}},"17":{"start":{"line":43,"column":2},"end":{"line":50,"column":3}},"18":{"start":{"line":44,"column":22},"end":{"line":44,"column":60}},"19":{"start":{"line":46,"column":4},"end":{"line":46,"column":36}},"20":{"start":{"line":48,"column":4},"end":{"line":48,"column":15}},"21":{"start":{"line":53,"column":24},"end":{"line":61,"column":1}},"22":{"start":{"line":54,"column":2},"end":{"line":60,"column":3}},"23":{"start":{"line":55,"column":21},"end":{"line":55,"column":83}},"24":{"start":{"line":56,"column":4},"end":{"line":56,"column":35}},"25":{"start":{"line":58,"column":4},"end":{"line":58,"column":15}},"26":{"start":{"line":63,"column":23},"end":{"line":84,"column":1}},"27":{"start":{"line":64,"column":2},"end":{"line":83,"column":3}},"28":{"start":{"line":65,"column":24},"end":{"line":65,"column":32}},"29":{"start":{"line":66,"column":23},"end":{"line":66,"column":36}},"30":{"start":{"line":67,"column":26},"end":{"line":67,"column":38}},"31":{"start":{"line":69,"column":28},"end":{"line":73,"column":5}},"32":{"start":{"line":75,"column":4},"end":{"line":78,"column":7}},"33":{"start":{"line":80,"column":4},"end":{"line":80,"column":16}},"34":{"start":{"line":89,"column":25},"end":{"line":120,"column":1}},"35":{"start":{"line":90,"column":2},"end":{"line":119,"column":3}},"36":{"start":{"line":91,"column":23},"end":{"line":91,"column":36}},"37":{"start":{"line":92,"column":30},"end":{"line":92,"column":38}},"38":{"start":{"line":93,"column":24},"end":{"line":93,"column":32}},"39":{"start":{"line":95,"column":4},"end":{"line":99,"column":5}},"40":{"start":{"line":96,"column":18},"end":{"line":96,"column":58}},"41":{"start":{"line":97,"column":4},"end":{"line":97,"column":27}},"42":{"start":{"line":98,"column":4},"end":{"line":98,"column":16}},"43":{"start":{"line":102,"column":28},"end":{"line":106,"column":5}},"44":{"start":{"line":108,"column":4},"end":{"line":111,"column":7}},"45":{"start":{"line":113,"column":4},"end":{"line":113,"column":15}},"46":{"start":{"line":127,"column":23},"end":{"line":142,"column":1}},"47":{"start":{"line":128,"column":2},"end":{"line":141,"column":3}},"48":{"start":{"line":131,"column":4},"end":{"line":131,"column":72}},"49":{"start":{"line":133,"column":24},"end":{"line":133,"column":32}},"50":{"start":{"line":134,"column":24},"end":{"line":134,"column":73}},"51":{"start":{"line":136,"column":4},"end":{"line":136,"column":38}},"52":{"start":{"line":138,"column":4},"end":{"line":138,"column":15}},"53":{"start":{"line":144,"column":21},"end":{"line":167,"column":1}},"54":{"start":{"line":145,"column":2},"end":{"line":166,"column":3}},"55":{"start":{"line":146,"column":23},"end":{"line":146,"column":31}},"56":{"start":{"line":147,"column":4},"end":{"line":151,"column":5}},"57":{"start":{"line":148,"column":20},"end":{"line":148,"column":51}},"58":{"start":{"line":149,"column":6},"end":{"line":149,"column":29}},"59":{"start":{"line":150,"column":6},"end":{"line":150,"column":18}},"60":{"start":{"line":153,"column":28},"end":{"line":157,"column":5}},"61":{"start":{"line":159,"column":4},"end":{"line":162,"column":7}},"62":{"start":{"line":164,"column":4},"end":{"line":164,"column":15}},"63":{"start":{"line":172,"column":18},"end":{"line":186,"column":1}},"64":{"start":{"line":173,"column":0},"end":{"line":185,"column":3}},"65":{"start":{"line":175,"column":20},"end":{"line":175,"column":83}},"66":{"start":{"line":177,"column":4},"end":{"line":177,"column":46}},"67":{"start":{"line":178,"column":4},"end":{"line":178,"column":112}},"68":{"start":{"line":180,"column":4},"end":{"line":180,"column":41}},"69":{"start":{"line":182,"column":4},"end":{"line":182,"column":15}},"70":{"start":{"line":189,"column":41},"end":{"line":233,"column":1}},"71":{"start":{"line":190,"column":2},"end":{"line":232,"column":3}},"72":{"start":{"line":191,"column":28},"end":{"line":226,"column":6}},"73":{"start":{"line":228,"column":4},"end":{"line":228,"column":42}},"74":{"start":{"line":230,"column":4},"end":{"line":230,"column":15}},"75":{"start":{"line":236,"column":27},"end":{"line":249,"column":1}},"76":{"start":{"line":237,"column":2},"end":{"line":248,"column":3}},"77":{"start":{"line":238,"column":28},"end":{"line":242,"column":30}},"78":{"start":{"line":244,"column":4},"end":{"line":244,"column":42}},"79":{"start":{"line":246,"column":4},"end":{"line":246,"column":15}},"80":{"start":{"line":252,"column":28},"end":{"line":269,"column":1}},"81":{"start":{"line":253,"column":2},"end":{"line":268,"column":3}},"82":{"start":{"line":254,"column":41},"end":{"line":254,"column":50}},"83":{"start":{"line":256,"column":17},"end":{"line":256,"column":42}},"84":{"start":{"line":259,"column":4},"end":{"line":261,"column":5}},"85":{"start":{"line":260,"column":6},"end":{"line":260,"column":62}},"86":{"start":{"line":263,"column":19},"end":{"line":263,"column":83}},"87":{"start":{"line":264,"column":4},"end":{"line":264,"column":33}},"88":{"start":{"line":266,"column":4},"end":{"line":266,"column":15}},"89":{"start":{"line":271,"column":33},"end":{"line":295,"column":1}},"90":{"start":{"line":272,"column":2},"end":{"line":294,"column":3}},"91":{"start":{"line":273,"column":26},"end":{"line":273,"column":36}},"92":{"start":{"line":274,"column":28},"end":{"line":274,"column":36}},"93":{"start":{"line":275,"column":21},"end":{"line":275,"column":33}},"94":{"start":{"line":278,"column":20},"end":{"line":278,"column":80}},"95":{"start":{"line":279,"column":4},"end":{"line":282,"column":23}},"96":{"start":{"line":280,"column":20},"end":{"line":280,"column":67}},"97":{"start":{"line":281,"column":6},"end":{"line":281,"column":29}},"98":{"start":{"line":282,"column":6},"end":{"line":282,"column":18}},"99":{"start":{"line":284,"column":4},"end":{"line":284,"column":38}},"100":{"start":{"line":285,"column":4},"end":{"line":285,"column":25}},"101":{"start":{"line":287,"column":4},"end":{"line":290,"column":7}},"102":{"start":{"line":292,"column":4},"end":{"line":292,"column":15}},"103":{"start":{"line":299,"column":0},"end":{"line":313,"column":2}}},"fnMap":{"0":{"name":"(anonymous_0)","decl":{"start":{"line":8,"column":23},"end":{"line":8,"column":24}},"loc":{"start":{"line":8,"column":49},"end":{"line":30,"column":1}},"line":8},"1":{"name":"(anonymous_1)","decl":{"start":{"line":32,"column":21},"end":{"line":32,"column":22}},"loc":{"start":{"line":32,"column":47},"end":{"line":40,"column":1}},"line":32},"2":{"name":"(anonymous_2)","decl":{"start":{"line":42,"column":23},"end":{"line":42,"column":24}},"loc":{"start":{"line":42,"column":48},"end":{"line":51,"column":1}},"line":42},"3":{"name":"(anonymous_3)","decl":{"start":{"line":53,"column":24},"end":{"line":53,"column":25}},"loc":{"start":{"line":53,"column":49},"end":{"line":61,"column":1}},"line":53},"4":{"name":"(anonymous_4)","decl":{"start":{"line":63,"column":23},"end":{"line":63,"column":24}},"loc":{"start":{"line":63,"column":48},"end":{"line":84,"column":1}},"line":63},"5":{"name":"(anonymous_5)","decl":{"start":{"line":89,"column":25},"end":{"line":89,"column":26}},"loc":{"start":{"line":89,"column":51},"end":{"line":120,"column":1}},"line":89},"6":{"name":"(anonymous_6)","decl":{"start":{"line":127,"column":23},"end":{"line":127,"column":24}},"loc":{"start":{"line":127,"column":48},"end":{"line":142,"column":1}},"line":127},"7":{"name":"(anonymous_7)","decl":{"start":{"line":144,"column":21},"end":{"line":144,"column":22}},"loc":{"start":{"line":144,"column":46},"end":{"line":167,"column":1}},"line":144},"8":{"name":"(anonymous_8)","decl":{"start":{"line":172,"column":18},"end":{"line":172,"column":19}},"loc":{"start":{"line":172,"column":43},"end":{"line":186,"column":1}},"line":172},"9":{"name":"(anonymous_9)","decl":{"start":{"line":189,"column":41},"end":{"line":189,"column":42}},"loc":{"start":{"line":189,"column":67},"end":{"line":233,"column":1}},"line":189},"10":{"name":"(anonymous_10)","decl":{"start":{"line":236,"column":27},"end":{"line":236,"column":28}},"loc":{"start":{"line":236,"column":52},"end":{"line":249,"column":1}},"line":236},"11":{"name":"(anonymous_11)","decl":{"start":{"line":252,"column":28},"end":{"line":252,"column":29}},"loc":{"start":{"line":252,"column":53},"end":{"line":269,"column":1}},"line":252},"12":{"name":"(anonymous_12)","decl":{"start":{"line":271,"column":33},"end":{"line":271,"column":34}},"loc":{"start":{"line":271,"column":58},"end":{"line":295,"column":1}},"line":271}},"branchMap":{"0":{"loc":{"start":{"line":76,"column":15},"end":{"line":76,"column":94}},"type":"cond-expr","locations":[{"start":{"line":76,"column":25},"end":{"line":76,"column":57}},{"start":{"line":76,"column":60},"end":{"line":76,"column":94}}],"line":76},"1":{"loc":{"start":{"line":95,"column":4},"end":{"line":99,"column":5}},"type":"if","locations":[{"start":{"line":95,"column":4},"end":{"line":99,"column":5}},{"start":{},"end":{}}],"line":95},"2":{"loc":{"start":{"line":147,"column":4},"end":{"line":151,"column":5}},"type":"if","locations":[{"start":{"line":147,"column":4},"end":{"line":151,"column":5}},{"start":{},"end":{}}],"line":147},"3":{"loc":{"start":{"line":259,"column":4},"end":{"line":261,"column":5}},"type":"if","locations":[{"start":{"line":259,"column":4},"end":{"line":261,"column":5}},{"start":{},"end":{}}],"line":259},"4":{"loc":{"start":{"line":259,"column":8},"end":{"line":259,"column":34}},"type":"binary-expr","locations":[{"start":{"line":259,"column":8},"end":{"line":259,"column":18}},{"start":{"line":259,"column":22},"end":{"line":259,"column":34}}],"line":259},"5":{"loc":{"start":{"line":279,"column":4},"end":{"line":282,"column":23}},"type":"if","locations":[{"start":{"line":279,"column":4},"end":{"line":282,"column":23}},{"start":{},"end":{}}],"line":279}},"s":{"0":1,"1":1,"2":1,"3":1,"4":1,"5":1,"6":2,"7":2,"8":2,"9":1,"10":1,"11":1,"12":2,"13":2,"14":1,"15":1,"16":1,"17":2,"18":2,"19":1,"20":1,"21":1,"22":2,"23":2,"24":1,"25":1,"26":1,"27":2,"28":2,"29":2,"30":2,"31":2,"32":2,"33":0,"34":1,"35":2,"36":2,"37":2,"38":2,"39":2,"40":1,"41":1,"42":1,"43":1,"44":1,"45":1,"46":1,"47":1,"48":1,"49":1,"50":1,"51":1,"52":0,"53":1,"54":2,"55":2,"56":2,"57":1,"58":1,"59":1,"60":1,"61":1,"62":1,"63":1,"64":1,"65":1,"66":1,"67":1,"68":1,"69":0,"70":1,"71":2,"72":2,"73":1,"74":1,"75":1,"76":1,"77":1,"78":1,"79":0,"80":1,"81":1,"82":1,"83":1,"84":1,"85":1,"86":1,"87":1,"88":0,"89":1,"90":2,"91":2,"92":2,"93":2,"94":2,"95":2,"96":1,"97":1,"98":1,"99":1,"100":1,"101":1,"102":1,"103":1},"f":{"0":2,"1":2,"2":2,"3":2,"4":2,"5":2,"6":1,"7":2,"8":1,"9":2,"10":1,"11":1,"12":2},"b":{"0":[1,1],"1":[1,1],"2":[1,1],"3":[1,0],"4":[1,0],"5":[1,1]},"_coverageSchema":"1a1c01bbd47fc00a2c39e90264f33305004495a9","hash":"37503fca6e466827de8ddc70a5027470ce57b2eb"}
,"C:\\intern\\incident-management-portal-backend\\backend\\controllers\\userController.js": {"path":"C:\\intern\\incident-management-portal-backend\\backend\\controllers\\userController.js","statementMap":{"0":{"start":{"line":2,"column":20},"end":{"line":2,"column":54}},"1":{"start":{"line":8,"column":17},"end":{"line":17,"column":1}},"2":{"start":{"line":9,"column":2},"end":{"line":16,"column":3}},"3":{"start":{"line":11,"column":18},"end":{"line":11,"column":58}},"4":{"start":{"line":12,"column":4},"end":{"line":12,"column":32}},"5":{"start":{"line":15,"column":4},"end":{"line":15,"column":16}},"6":{"start":{"line":22,"column":19},"end":{"line":31,"column":1}},"7":{"start":{"line":23,"column":2},"end":{"line":30,"column":3}},"8":{"start":{"line":25,"column":20},"end":{"line":25,"column":65}},"9":{"start":{"line":26,"column":4},"end":{"line":26,"column":34}},"10":{"start":{"line":29,"column":4},"end":{"line":29,"column":16}},"11":{"start":{"line":39,"column":19},"end":{"line":49,"column":1}},"12":{"start":{"line":40,"column":2},"end":{"line":48,"column":3}},"13":{"start":{"line":41,"column":19},"end":{"line":41,"column":29}},"14":{"start":{"line":43,"column":24},"end":{"line":43,"column":73}},"15":{"start":{"line":44,"column":4},"end":{"line":44,"column":38}},"16":{"start":{"line":47,"column":4},"end":{"line":47,"column":16}},"17":{"start":{"line":54,"column":19},"end":{"line":66,"column":1}},"18":{"start":{"line":55,"column":2},"end":{"line":65,"column":3}},"19":{"start":{"line":56,"column":19},"end":{"line":56,"column":29}},"20":{"start":{"line":57,"column":27},"end":{"line":57,"column":57}},"21":{"start":{"line":60,"column":19},"end":{"line":60,"column":74}},"22":{"start":{"line":61,"column":4},"end":{"line":61,"column":33}},"23":{"start":{"line":64,"column":4},"end":{"line":64,"column":16}},"24":{"start":{"line":68,"column":28},"end":{"line":78,"column":1}},"25":{"start":{"line":69,"column":2},"end":{"line":77,"column":3}},"26":{"start":{"line":70,"column":25},"end":{"line":70,"column":34}},"27":{"start":{"line":72,"column":19},"end":{"line":72,"column":73}},"28":{"start":{"line":73,"column":4},"end":{"line":73,"column":33}},"29":{"start":{"line":76,"column":4},"end":{"line":76,"column":16}},"30":{"start":{"line":82,"column":0},"end":{"line":90,"column":2}}},"fnMap":{"0":{"name":"(anonymous_0)","decl":{"start":{"line":8,"column":17},"end":{"line":8,"column":18}},"loc":{"start":{"line":8,"column":43},"end":{"line":17,"column":1}},"line":8},"1":{"name":"(anonymous_1)","decl":{"start":{"line":22,"column":19},"end":{"line":22,"column":20}},"loc":{"start":{"line":22,"column":45},"end":{"line":31,"column":1}},"line":22},"2":{"name":"(anonymous_2)","decl":{"start":{"line":39,"column":19},"end":{"line":39,"column":20}},"loc":{"start":{"line":39,"column":45},"end":{"line":49,"column":1}},"line":39},"3":{"name":"(anonymous_3)","decl":{"start":{"line":54,"column":19},"end":{"line":54,"column":20}},"loc":{"start":{"line":54,"column":45},"end":{"line":66,"column":1}},"line":54},"4":{"name":"(anonymous_4)","decl":{"start":{"line":68,"column":28},"end":{"line":68,"column":29}},"loc":{"start":{"line":68,"column":54},"end":{"line":78,"column":1}},"line":68}},"branchMap":{"0":{"loc":{"start":{"line":57,"column":27},"end":{"line":57,"column":57}},"type":"cond-expr","locations":[{"start":{"line":57,"column":38},"end":{"line":57,"column":50}},{"start":{"line":57,"column":53},"end":{"line":57,"column":57}}],"line":57}},"s":{"0":1,"1":1,"2":2,"3":2,"4":1,"5":1,"6":1,"7":2,"8":2,"9":1,"10":1,"11":1,"12":2,"13":2,"14":2,"15":1,"16":1,"17":1,"18":3,"19":3,"20":3,"21":3,"22":2,"23":1,"24":1,"25":2,"26":2,"27":2,"28":1,"29":1,"30":1},"f":{"0":2,"1":2,"2":2,"3":3,"4":2},"b":{"0":[2,1]},"_coverageSchema":"1a1c01bbd47fc00a2c39e90264f33305004495a9","hash":"85c32266f4ef75b90920dcd8ccb2c51df4b679d0"}
,"C:\\intern\\incident-management-portal-backend\\backend\\jobs\\escalationJob.js": {"path":"C:\\intern\\incident-management-portal-backend\\backend\\jobs\\escalationJob.js","statementMap":{"0":{"start":{"line":3,"column":13},"end":{"line":3,"column":33}},"1":{"start":{"line":4,"column":24},"end":{"line":4,"column":62}},"2":{"start":{"line":5,"column":15},"end":{"line":5,"column":41}},"3":{"start":{"line":7,"column":27},"end":{"line":20,"column":1}},"4":{"start":{"line":9,"column":2},"end":{"line":17,"column":5}},"5":{"start":{"line":10,"column":4},"end":{"line":10,"column":68}},"6":{"start":{"line":11,"column":4},"end":{"line":16,"column":5}},"7":{"start":{"line":12,"column":21},"end":{"line":12,"column":69}},"8":{"start":{"line":13,"column":6},"end":{"line":13,"column":80}},"9":{"start":{"line":15,"column":6},"end":{"line":15,"column":61}},"10":{"start":{"line":19,"column":2},"end":{"line":19,"column":84}},"11":{"start":{"line":22,"column":0},"end":{"line":22,"column":36}}},"fnMap":{"0":{"name":"(anonymous_0)","decl":{"start":{"line":7,"column":27},"end":{"line":7,"column":28}},"loc":{"start":{"line":7,"column":33},"end":{"line":20,"column":1}},"line":7},"1":{"name":"(anonymous_1)","decl":{"start":{"line":9,"column":32},"end":{"line":9,"column":33}},"loc":{"start":{"line":9,"column":44},"end":{"line":17,"column":3}},"line":9}},"branchMap":{},"s":{"0":1,"1":1,"2":1,"3":1,"4":0,"5":0,"6":0,"7":0,"8":0,"9":0,"10":0,"11":1},"f":{"0":0,"1":0},"b":{},"_coverageSchema":"1a1c01bbd47fc00a2c39e90264f33305004495a9","hash":"c863550bf7eae09b208ee9cd0ef1d9f5934055e0"}
,"C:\\intern\\incident-management-portal-backend\\backend\\middlewares\\authMiddleware.js": {"path":"C:\\intern\\incident-management-portal-backend\\backend\\middlewares\\authMiddleware.js","statementMap":{"0":{"start":{"line":1,"column":12},"end":{"line":1,"column":35}},"1":{"start":{"line":2,"column":13},"end":{"line":2,"column":38}},"2":{"start":{"line":4,"column":16},"end":{"line":29,"column":1}},"3":{"start":{"line":7,"column":2},"end":{"line":24,"column":3}},"4":{"start":{"line":11,"column":4},"end":{"line":23,"column":5}},"5":{"start":{"line":12,"column":6},"end":{"line":12,"column":54}},"6":{"start":{"line":13,"column":22},"end":{"line":13,"column":63}},"7":{"start":{"line":15,"column":6},"end":{"line":15,"column":69}},"8":{"start":{"line":16,"column":6},"end":{"line":18,"column":7}},"9":{"start":{"line":17,"column":8},"end":{"line":17,"column":82}},"10":{"start":{"line":20,"column":6},"end":{"line":20,"column":13}},"11":{"start":{"line":22,"column":6},"end":{"line":22,"column":79}},"12":{"start":{"line":26,"column":2},"end":{"line":28,"column":3}},"13":{"start":{"line":27,"column":4},"end":{"line":27,"column":82}},"14":{"start":{"line":31,"column":23},"end":{"line":40,"column":1}},"15":{"start":{"line":32,"column":2},"end":{"line":39,"column":4}},"16":{"start":{"line":33,"column":4},"end":{"line":37,"column":5}},"17":{"start":{"line":34,"column":6},"end":{"line":36,"column":9}},"18":{"start":{"line":38,"column":4},"end":{"line":38,"column":11}},"19":{"start":{"line":42,"column":26},"end":{"line":60,"column":1}},"20":{"start":{"line":43,"column":2},"end":{"line":59,"column":4}},"21":{"start":{"line":44,"column":17},"end":{"line":44,"column":25}},"22":{"start":{"line":47,"column":4},"end":{"line":49,"column":5}},"23":{"start":{"line":48,"column":6},"end":{"line":48,"column":20}},"24":{"start":{"line":52,"column":4},"end":{"line":54,"column":5}},"25":{"start":{"line":53,"column":6},"end":{"line":53,"column":20}},"26":{"start":{"line":56,"column":4},"end":{"line":58,"column":7}},"27":{"start":{"line":64,"column":0},"end":{"line":64,"column":62}}},"fnMap":{"0":{"name":"(anonymous_0)","decl":{"start":{"line":4,"column":16},"end":{"line":4,"column":17}},"loc":{"start":{"line":4,"column":42},"end":{"line":29,"column":1}},"line":4},"1":{"name":"(anonymous_1)","decl":{"start":{"line":31,"column":23},"end":{"line":31,"column":24}},"loc":{"start":{"line":31,"column":37},"end":{"line":40,"column":1}},"line":31},"2":{"name":"(anonymous_2)","decl":{"start":{"line":32,"column":9},"end":{"line":32,"column":10}},"loc":{"start":{"line":32,"column":29},"end":{"line":39,"column":3}},"line":32},"3":{"name":"(anonymous_3)","decl":{"start":{"line":42,"column":26},"end":{"line":42,"column":27}},"loc":{"start":{"line":42,"column":45},"end":{"line":60,"column":1}},"line":42},"4":{"name":"(anonymous_4)","decl":{"start":{"line":43,"column":9},"end":{"line":43,"column":10}},"loc":{"start":{"line":43,"column":29},"end":{"line":59,"column":3}},"line":43}},"branchMap":{"0":{"loc":{"start":{"line":7,"column":2},"end":{"line":24,"column":3}},"type":"if","locations":[{"start":{"line":7,"column":2},"end":{"line":24,"column":3}},{"start":{},"end":{}}],"line":7},"1":{"loc":{"start":{"line":8,"column":4},"end":{"line":9,"column":50}},"type":"binary-expr","locations":[{"start":{"line":8,"column":4},"end":{"line":8,"column":29}},{"start":{"line":9,"column":4},"end":{"line":9,"column":50}}],"line":8},"2":{"loc":{"start":{"line":16,"column":6},"end":{"line":18,"column":7}},"type":"if","locations":[{"start":{"line":16,"column":6},"end":{"line":18,"column":7}},{"start":{},"end":{}}],"line":16},"3":{"loc":{"start":{"line":16,"column":10},"end":{"line":16,"column":53}},"type":"binary-expr","locations":[{"start":{"line":16,"column":10},"end":{"line":16,"column":19}},{"start":{"line":16,"column":23},"end":{"line":16,"column":53}}],"line":16},"4":{"loc":{"start":{"line":26,"column":2},"end":{"line":28,"column":3}},"type":"if","locations":[{"start":{"line":26,"column":2},"end":{"line":28,"column":3}},{"start":{},"end":{}}],"line":26},"5":{"loc":{"start":{"line":33,"column":4},"end":{"line":37,"column":5}},"type":"if","locations":[{"start":{"line":33,"column":4},"end":{"line":37,"column":5}},{"start":{},"end":{}}],"line":33},"6":{"loc":{"start":{"line":33,"column":8},"end":{"line":33,"column":51}},"type":"binary-expr","locations":[{"start":{"line":33,"column":8},"end":{"line":33,"column":17}},{"start":{"line":33,"column":21},"end":{"line":33,"column":51}}],"line":33},"7":{"loc":{"start":{"line":47,"column":4},"end":{"line":49,"column":5}},"type":"if","locations":[{"start":{"line":47,"column":4},"end":{"line":49,"column":5}},{"start":{},"end":{}}],"line":47},"8":{"loc":{"start":{"line":52,"column":4},"end":{"line":54,"column":5}},"type":"if","locations":[{"start":{"line":52,"column":4},"end":{"line":54,"column":5}},{"start":{},"end":{}}],"line":52},"9":{"loc":{"start":{"line":52,"column":8},"end":{"line":52,"column":68}},"type":"binary-expr","locations":[{"start":{"line":52,"column":8},"end":{"line":52,"column":24}},{"start":{"line":52,"column":28},"end":{"line":52,"column":68}}],"line":52}},"s":{"0":1,"1":1,"2":1,"3":4,"4":3,"5":3,"6":3,"7":2,"8":2,"9":1,"10":1,"11":1,"12":2,"13":1,"14":1,"15":2,"16":2,"17":1,"18":1,"19":1,"20":3,"21":3,"22":3,"23":1,"24":2,"25":1,"26":1,"27":1},"f":{"0":4,"1":2,"2":2,"3":3,"4":3},"b":{"0":[3,1],"1":[4,3],"2":[1,1],"3":[2,2],"4":[1,1],"5":[1,1],"6":[2,2],"7":[1,2],"8":[1,1],"9":[2,2]},"_coverageSchema":"1a1c01bbd47fc00a2c39e90264f33305004495a9","hash":"f36d212a9507503daf1ea5a6b7fc12c5171e5af8"}
,"C:\\intern\\incident-management-portal-backend\\backend\\middlewares\\errorHandler.js": {"path":"C:\\intern\\incident-management-portal-backend\\backend\\middlewares\\errorHandler.js","statementMap":{"0":{"start":{"line":2,"column":15},"end":{"line":2,"column":41}},"1":{"start":{"line":4,"column":21},"end":{"line":17,"column":1}},"2":{"start":{"line":6,"column":21},"end":{"line":6,"column":42}},"3":{"start":{"line":7,"column":3},"end":{"line":9,"column":4}},"4":{"start":{"line":11,"column":2},"end":{"line":16,"column":5}},"5":{"start":{"line":19,"column":0},"end":{"line":19,"column":30}}},"fnMap":{"0":{"name":"(anonymous_0)","decl":{"start":{"line":4,"column":21},"end":{"line":4,"column":22}},"loc":{"start":{"line":4,"column":46},"end":{"line":17,"column":1}},"line":4}},"branchMap":{"0":{"loc":{"start":{"line":6,"column":21},"end":{"line":6,"column":42}},"type":"binary-expr","locations":[{"start":{"line":6,"column":21},"end":{"line":6,"column":35}},{"start":{"line":6,"column":39},"end":{"line":6,"column":42}}],"line":6},"1":{"loc":{"start":{"line":8,"column":23},"end":{"line":8,"column":61}},"type":"binary-expr","locations":[{"start":{"line":8,"column":23},"end":{"line":8,"column":34}},{"start":{"line":8,"column":38},"end":{"line":8,"column":61}}],"line":8},"2":{"loc":{"start":{"line":13,"column":13},"end":{"line":13,"column":51}},"type":"binary-expr","locations":[{"start":{"line":13,"column":13},"end":{"line":13,"column":24}},{"start":{"line":13,"column":28},"end":{"line":13,"column":51}}],"line":13},"3":{"loc":{"start":{"line":15,"column":8},"end":{"line":15,"column":70}},"type":"binary-expr","locations":[{"start":{"line":15,"column":8},"end":{"line":15,"column":46}},{"start":{"line":15,"column":50},"end":{"line":15,"column":70}}],"line":15}},"s":{"0":1,"1":1,"2":2,"3":2,"4":2,"5":1},"f":{"0":2},"b":{"0":[2,1],"1":[2,1],"2":[2,1],"3":[2,0]},"_coverageSchema":"1a1c01bbd47fc00a2c39e90264f33305004495a9","hash":"fa319f3d7fafdf0ab53afe3f11ce8aef03e4d182"}
,"C:\\intern\\incident-management-portal-backend\\backend\\middlewares\\morganMiddleware.js": {"path":"C:\\intern\\incident-management-portal-backend\\backend\\middlewares\\morganMiddleware.js","statementMap":{"0":{"start":{"line":2,"column":15},"end":{"line":2,"column":32}},"1":{"start":{"line":3,"column":15},"end":{"line":3,"column":41}},"2":{"start":{"line":6,"column":15},"end":{"line":8,"column":1}},"3":{"start":{"line":7,"column":22},"end":{"line":7,"column":49}},"4":{"start":{"line":11,"column":13},"end":{"line":14,"column":1}},"5":{"start":{"line":12,"column":14},"end":{"line":12,"column":51}},"6":{"start":{"line":13,"column":2},"end":{"line":13,"column":24}},"7":{"start":{"line":17,"column":25},"end":{"line":20,"column":1}},"8":{"start":{"line":22,"column":0},"end":{"line":22,"column":34}}},"fnMap":{"0":{"name":"(anonymous_0)","decl":{"start":{"line":7,"column":9},"end":{"line":7,"column":10}},"loc":{"start":{"line":7,"column":22},"end":{"line":7,"column":49}},"line":7},"1":{"name":"(anonymous_1)","decl":{"start":{"line":11,"column":13},"end":{"line":11,"column":14}},"loc":{"start":{"line":11,"column":19},"end":{"line":14,"column":1}},"line":11}},"branchMap":{"0":{"loc":{"start":{"line":12,"column":14},"end":{"line":12,"column":51}},"type":"binary-expr","locations":[{"start":{"line":12,"column":14},"end":{"line":12,"column":34}},{"start":{"line":12,"column":38},"end":{"line":12,"column":51}}],"line":12}},"s":{"0":1,"1":1,"2":1,"3":0,"4":1,"5":0,"6":0,"7":1,"8":1},"f":{"0":0,"1":0},"b":{"0":[0,0]},"_coverageSchema":"1a1c01bbd47fc00a2c39e90264f33305004495a9","hash":"3951f12f35da8a60d80c13193ca842c0c03aeb5f"}
,"C:\\intern\\incident-management-portal-backend\\backend\\middlewares\\rateLimiter.js": {"path":"C:\\intern\\incident-management-portal-backend\\backend\\middlewares\\rateLimiter.js","statementMap":{"0":{"start":{"line":2,"column":18},"end":{"line":2,"column":47}},"1":{"start":{"line":3,"column":26},"end":{"line":3,"column":57}},"2":{"start":{"line":6,"column":26},"end":{"line":15,"column":2}},"3":{"start":{"line":13,"column":4},"end":{"line":13,"column":103}},"4":{"start":{"line":17,"column":0},"end":{"line":17,"column":39}}},"fnMap":{"0":{"name":"(anonymous_0)","decl":{"start":{"line":11,"column":11},"end":{"line":11,"column":12}},"loc":{"start":{"line":11,"column":31},"end":{"line":14,"column":3}},"line":11}},"branchMap":{},"s":{"0":1,"1":1,"2":1,"3":0,"4":1},"f":{"0":0},"b":{},"_coverageSchema":"1a1c01bbd47fc00a2c39e90264f33305004495a9","hash":"e16040d57753197590e33e6dabc87cceebe254c7"}
,"C:\\intern\\incident-management-portal-backend\\backend\\middlewares\\roleMiddleware.js": {"path":"C:\\intern\\incident-management-portal-backend\\backend\\middlewares\\roleMiddleware.js","statementMap":{"0":{"start":{"line":1,"column":23},"end":{"line":10,"column":1}},"1":{"start":{"line":2,"column":2},"end":{"line":9,"column":4}},"2":{"start":{"line":3,"column":4},"end":{"line":7,"column":5}},"3":{"start":{"line":4,"column":6},"end":{"line":6,"column":9}},"4":{"start":{"line":8,"column":4},"end":{"line":8,"column":11}},"5":{"start":{"line":12,"column":0},"end":{"line":12,"column":32}}},"fnMap":{"0":{"name":"(anonymous_0)","decl":{"start":{"line":1,"column":23},"end":{"line":1,"column":24}},"loc":{"start":{"line":1,"column":37},"end":{"line":10,"column":1}},"line":1},"1":{"name":"(anonymous_1)","decl":{"start":{"line":2,"column":9},"end":{"line":2,"column":10}},"loc":{"start":{"line":2,"column":29},"end":{"line":9,"column":3}},"line":2}},"branchMap":{"0":{"loc":{"start":{"line":3,"column":4},"end":{"line":7,"column":5}},"type":"if","locations":[{"start":{"line":3,"column":4},"end":{"line":7,"column":5}},{"start":{},"end":{}}],"line":3}},"s":{"0":1,"1":2,"2":2,"3":1,"4":1,"5":1},"f":{"0":2,"1":2},"b":{"0":[1,1]},"_coverageSchema":"1a1c01bbd47fc00a2c39e90264f33305004495a9","hash":"32e193a83befda02e90844f8e322e78e1cc9f8e5"}
,"C:\\intern\\incident-management-portal-backend\\backend\\middlewares\\uploadMiddleware.js": {"path":"C:\\intern\\incident-management-portal-backend\\backend\\middlewares\\uploadMiddleware.js","statementMap":{"0":{"start":{"line":2,"column":15},"end":{"line":2,"column":32}},"1":{"start":{"line":3,"column":13},"end":{"line":3,"column":28}},"2":{"start":{"line":6,"column":16},"end":{"line":14,"column":2}},"3":{"start":{"line":8,"column":4},"end":{"line":8,"column":25}},"4":{"start":{"line":11,"column":25},"end":{"line":11,"column":75}},"5":{"start":{"line":12,"column":4},"end":{"line":12,"column":66}},"6":{"start":{"line":17,"column":19},"end":{"line":27,"column":1}},"7":{"start":{"line":18,"column":23},"end":{"line":18,"column":41}},"8":{"start":{"line":19,"column":18},"end":{"line":19,"column":82}},"9":{"start":{"line":20,"column":19},"end":{"line":20,"column":51}},"10":{"start":{"line":22,"column":2},"end":{"line":26,"column":3}},"11":{"start":{"line":23,"column":4},"end":{"line":23,"column":26}},"12":{"start":{"line":25,"column":4},"end":{"line":25,"column":72}},"13":{"start":{"line":29,"column":15},"end":{"line":33,"column":2}},"14":{"start":{"line":35,"column":0},"end":{"line":35,"column":24}}},"fnMap":{"0":{"name":"(anonymous_0)","decl":{"start":{"line":7,"column":15},"end":{"line":7,"column":16}},"loc":{"start":{"line":7,"column":34},"end":{"line":9,"column":3}},"line":7},"1":{"name":"(anonymous_1)","decl":{"start":{"line":10,"column":12},"end":{"line":10,"column":13}},"loc":{"start":{"line":10,"column":31},"end":{"line":13,"column":3}},"line":10},"2":{"name":"(anonymous_2)","decl":{"start":{"line":17,"column":19},"end":{"line":17,"column":20}},"loc":{"start":{"line":17,"column":38},"end":{"line":27,"column":1}},"line":17}},"branchMap":{"0":{"loc":{"start":{"line":22,"column":2},"end":{"line":26,"column":3}},"type":"if","locations":[{"start":{"line":22,"column":2},"end":{"line":26,"column":3}},{"start":{"line":24,"column":9},"end":{"line":26,"column":3}}],"line":22},"1":{"loc":{"start":{"line":22,"column":6},"end":{"line":22,"column":25}},"type":"binary-expr","locations":[{"start":{"line":22,"column":6},"end":{"line":22,"column":13}},{"start":{"line":22,"column":17},"end":{"line":22,"column":25}}],"line":22}},"s":{"0":1,"1":1,"2":1,"3":0,"4":0,"5":0,"6":1,"7":2,"8":2,"9":2,"10":2,"11":1,"12":1,"13":1,"14":1},"f":{"0":0,"1":0,"2":2},"b":{"0":[1,1],"1":[2,1]},"_coverageSchema":"1a1c01bbd47fc00a2c39e90264f33305004495a9","hash":"4377aa2cf64e290b3c20f813435c6c58a4811cfd"}
,"C:\\intern\\incident-management-portal-backend\\backend\\middlewares\\validationMiddleware.js": {"path":"C:\\intern\\incident-management-portal-backend\\backend\\middlewares\\validationMiddleware.js","statementMap":{"0":{"start":{"line":2,"column":29},"end":{"line":2,"column":57}},"1":{"start":{"line":4,"column":17},"end":{"line":16,"column":1}},"2":{"start":{"line":5,"column":17},"end":{"line":5,"column":38}},"3":{"start":{"line":6,"column":2},"end":{"line":14,"column":3}},"4":{"start":{"line":7,"column":4},"end":{"line":13,"column":7}},"5":{"start":{"line":9,"column":43},"end":{"line":12,"column":7}},"6":{"start":{"line":15,"column":2},"end":{"line":15,"column":9}},"7":{"start":{"line":18,"column":0},"end":{"line":18,"column":26}}},"fnMap":{"0":{"name":"(anonymous_0)","decl":{"start":{"line":4,"column":17},"end":{"line":4,"column":18}},"loc":{"start":{"line":4,"column":37},"end":{"line":16,"column":1}},"line":4},"1":{"name":"(anonymous_1)","decl":{"start":{"line":9,"column":33},"end":{"line":9,"column":34}},"loc":{"start":{"line":9,"column":43},"end":{"line":12,"column":7}},"line":9}},"branchMap":{"0":{"loc":{"start":{"line":6,"column":2},"end":{"line":14,"column":3}},"type":"if","locations":[{"start":{"line":6,"column":2},"end":{"line":14,"column":3}},{"start":{},"end":{}}],"line":6}},"s":{"0":1,"1":1,"2":2,"3":2,"4":1,"5":1,"6":1,"7":1},"f":{"0":2,"1":1},"b":{"0":[1,1]},"_coverageSchema":"1a1c01bbd47fc00a2c39e90264f33305004495a9","hash":"62b59af59d6e16e0bef5ab1a00a26c85d82e8588"}
,"C:\\intern\\incident-management-portal-backend\\backend\\models\\ActivityLog.js": {"path":"C:\\intern\\incident-management-portal-backend\\backend\\models\\ActivityLog.js","statementMap":{"0":{"start":{"line":2,"column":17},"end":{"line":2,"column":36}},"1":{"start":{"line":4,"column":26},"end":{"line":31,"column":2}},"2":{"start":{"line":33,"column":0},"end":{"line":33,"column":66}}},"fnMap":{},"branchMap":{},"s":{"0":8,"1":8,"2":8},"f":{},"b":{},"_coverageSchema":"1a1c01bbd47fc00a2c39e90264f33305004495a9","hash":"2e770bf3271b6e82d1c4f403bca7261bf69c403a"}
,"C:\\intern\\incident-management-portal-backend\\backend\\models\\Attachment.js": {"path":"C:\\intern\\incident-management-portal-backend\\backend\\models\\Attachment.js","statementMap":{"0":{"start":{"line":2,"column":17},"end":{"line":2,"column":36}},"1":{"start":{"line":4,"column":25},"end":{"line":27,"column":2}},"2":{"start":{"line":29,"column":0},"end":{"line":29,"column":64}}},"fnMap":{},"branchMap":{},"s":{"0":4,"1":4,"2":4},"f":{},"b":{},"_coverageSchema":"1a1c01bbd47fc00a2c39e90264f33305004495a9","hash":"dd70b12ea080d807dd12bbb75c5ba75c6c165624"}
,"C:\\intern\\incident-management-portal-backend\\backend\\models\\Category.js": {"path":"C:\\intern\\incident-management-portal-backend\\backend\\models\\Category.js","statementMap":{"0":{"start":{"line":2,"column":17},"end":{"line":2,"column":36}},"1":{"start":{"line":4,"column":23},"end":{"line":24,"column":1}},"2":{"start":{"line":26,"column":0},"end":{"line":26,"column":60}}},"fnMap":{},"branchMap":{},"s":{"0":2,"1":2,"2":2},"f":{},"b":{},"_coverageSchema":"1a1c01bbd47fc00a2c39e90264f33305004495a9","hash":"354f848f272b696a45b953f54ca4b6141e783d2e"}
,"C:\\intern\\incident-management-portal-backend\\backend\\models\\Comment.js": {"path":"C:\\intern\\incident-management-portal-backend\\backend\\models\\Comment.js","statementMap":{"0":{"start":{"line":2,"column":17},"end":{"line":2,"column":36}},"1":{"start":{"line":4,"column":22},"end":{"line":25,"column":1}},"2":{"start":{"line":27,"column":0},"end":{"line":27,"column":58}}},"fnMap":{},"branchMap":{},"s":{"0":2,"1":2,"2":2},"f":{},"b":{},"_coverageSchema":"1a1c01bbd47fc00a2c39e90264f33305004495a9","hash":"7d4884f12a44df4bc957ff93e95a3f08f5fcde95"}
,"C:\\intern\\incident-management-portal-backend\\backend\\models\\Incident.js": {"path":"C:\\intern\\incident-management-portal-backend\\backend\\models\\Incident.js","statementMap":{"0":{"start":{"line":2,"column":17},"end":{"line":2,"column":36}},"1":{"start":{"line":4,"column":23},"end":{"line":57,"column":1}},"2":{"start":{"line":59,"column":0},"end":{"line":65,"column":3}},"3":{"start":{"line":61,"column":2},"end":{"line":63,"column":3}},"4":{"start":{"line":62,"column":4},"end":{"line":62,"column":17}},"5":{"start":{"line":64,"column":2},"end":{"line":64,"column":43}},"6":{"start":{"line":68,"column":0},"end":{"line":68,"column":36}},"7":{"start":{"line":69,"column":0},"end":{"line":69,"column":38}},"8":{"start":{"line":70,"column":0},"end":{"line":70,"column":40}},"9":{"start":{"line":71,"column":0},"end":{"line":71,"column":40}},"10":{"start":{"line":75,"column":0},"end":{"line":75,"column":60}}},"fnMap":{"0":{"name":"(anonymous_0)","decl":{"start":{"line":59,"column":40},"end":{"line":59,"column":41}},"loc":{"start":{"line":59,"column":52},"end":{"line":65,"column":1}},"line":59}},"branchMap":{"0":{"loc":{"start":{"line":61,"column":2},"end":{"line":63,"column":3}},"type":"if","locations":[{"start":{"line":61,"column":2},"end":{"line":63,"column":3}},{"start":{},"end":{}}],"line":61}},"s":{"0":9,"1":9,"2":9,"3":0,"4":0,"5":0,"6":9,"7":9,"8":9,"9":9,"10":9},"f":{"0":0},"b":{"0":[0,0]},"_coverageSchema":"1a1c01bbd47fc00a2c39e90264f33305004495a9","hash":"8a7055e1a6a7a271fa4bd125b1d2c1699cb31350"}
,"C:\\intern\\incident-management-portal-backend\\backend\\models\\Priority.js": {"path":"C:\\intern\\incident-management-portal-backend\\backend\\models\\Priority.js","statementMap":{"0":{"start":{"line":1,"column":17},"end":{"line":1,"column":36}},"1":{"start":{"line":3,"column":23},"end":{"line":8,"column":24}},"2":{"start":{"line":10,"column":0},"end":{"line":10,"column":60}}},"fnMap":{},"branchMap":{},"s":{"0":5,"1":5,"2":5},"f":{},"b":{},"_coverageSchema":"1a1c01bbd47fc00a2c39e90264f33305004495a9","hash":"aee95d3336036329f10f5323c866f97b00996f15"}
,"C:\\intern\\incident-management-portal-backend\\backend\\models\\User.js": {"path":"C:\\intern\\incident-management-portal-backend\\backend\\models\\User.js","statementMap":{"0":{"start":{"line":2,"column":17},"end":{"line":2,"column":36}},"1":{"start":{"line":4,"column":19},"end":{"line":64,"column":1}},"2":{"start":{"line":52,"column":8},"end":{"line":52,"column":45}},"3":{"start":{"line":66,"column":0},"end":{"line":66,"column":52}}},"fnMap":{"0":{"name":"(anonymous_0)","decl":{"start":{"line":51,"column":16},"end":{"line":51,"column":17}},"loc":{"start":{"line":51,"column":28},"end":{"line":53,"column":7}},"line":51}},"branchMap":{},"s":{"0":9,"1":9,"2":0,"3":9},"f":{"0":0},"b":{},"_coverageSchema":"1a1c01bbd47fc00a2c39e90264f33305004495a9","hash":"06b6879112b4faa5c33d352a03ebceab9b7367f1"}
,"C:\\intern\\incident-management-portal-backend\\backend\\services\\activityService.js": {"path":"C:\\intern\\incident-management-portal-backend\\backend\\services\\activityService.js","statementMap":{"0":{"start":{"line":2,"column":17},"end":{"line":2,"column":36}},"1":{"start":{"line":3,"column":17},"end":{"line":3,"column":49}},"2":{"start":{"line":4,"column":17},"end":{"line":4,"column":46}},"3":{"start":{"line":5,"column":26},"end":{"line":5,"column":57}},"4":{"start":{"line":6,"column":15},"end":{"line":6,"column":41}},"5":{"start":{"line":8,"column":36},"end":{"line":23,"column":1}},"6":{"start":{"line":10,"column":2},"end":{"line":12,"column":3}},"7":{"start":{"line":11,"column":4},"end":{"line":11,"column":63}},"8":{"start":{"line":15,"column":19},"end":{"line":15,"column":54}},"9":{"start":{"line":16,"column":2},"end":{"line":18,"column":3}},"10":{"start":{"line":17,"column":4},"end":{"line":17,"column":55}},"11":{"start":{"line":19,"column":0},"end":{"line":19,"column":67}},"12":{"start":{"line":20,"column":2},"end":{"line":22,"column":29}},"13":{"start":{"line":25,"column":0},"end":{"line":25,"column":49}}},"fnMap":{"0":{"name":"(anonymous_0)","decl":{"start":{"line":8,"column":36},"end":{"line":8,"column":37}},"loc":{"start":{"line":8,"column":58},"end":{"line":23,"column":1}},"line":8}},"branchMap":{"0":{"loc":{"start":{"line":10,"column":2},"end":{"line":12,"column":3}},"type":"if","locations":[{"start":{"line":10,"column":2},"end":{"line":12,"column":3}},{"start":{},"end":{}}],"line":10},"1":{"loc":{"start":{"line":16,"column":2},"end":{"line":18,"column":3}},"type":"if","locations":[{"start":{"line":16,"column":2},"end":{"line":18,"column":3}},{"start":{},"end":{}}],"line":16}},"s":{"0":2,"1":2,"2":2,"3":2,"4":2,"5":2,"6":3,"7":1,"8":2,"9":2,"10":1,"11":1,"12":1,"13":2},"f":{"0":3},"b":{"0":[1,2],"1":[1,1]},"_coverageSchema":"1a1c01bbd47fc00a2c39e90264f33305004495a9","hash":"23f0d3a44e4030ecc750e612853026faa9c44927"}
,"C:\\intern\\incident-management-portal-backend\\backend\\services\\authService.js": {"path":"C:\\intern\\incident-management-portal-backend\\backend\\services\\authService.js","statementMap":{"0":{"start":{"line":1,"column":13},"end":{"line":1,"column":38}},"1":{"start":{"line":2,"column":57},"end":{"line":2,"column":86}},"2":{"start":{"line":4,"column":26},"end":{"line":4,"column":57}},"3":{"start":{"line":5,"column":15},"end":{"line":5,"column":41}},"4":{"start":{"line":8,"column":21},"end":{"line":53,"column":1}},"5":{"start":{"line":11,"column":2},"end":{"line":14,"column":3}},"6":{"start":{"line":13,"column":4},"end":{"line":13,"column":75}},"7":{"start":{"line":16,"column":23},"end":{"line":16,"column":52}},"8":{"start":{"line":18,"column":2},"end":{"line":20,"column":3}},"9":{"start":{"line":19,"column":4},"end":{"line":19,"column":56}},"10":{"start":{"line":22,"column":19},"end":{"line":22,"column":37}},"11":{"start":{"line":25,"column":2},"end":{"line":29,"column":3}},"12":{"start":{"line":26,"column":4},"end":{"line":26,"column":85}},"13":{"start":{"line":26,"column":15},"end":{"line":26,"column":85}},"14":{"start":{"line":27,"column":4},"end":{"line":28,"column":94}},"15":{"start":{"line":28,"column":0},"end":{"line":28,"column":89}},"16":{"start":{"line":31,"column":25},"end":{"line":31,"column":53}},"17":{"start":{"line":33,"column":15},"end":{"line":40,"column":4}},"18":{"start":{"line":42,"column":16},"end":{"line":42,"column":50}},"19":{"start":{"line":43,"column":0},"end":{"line":43,"column":93}},"20":{"start":{"line":44,"column":2},"end":{"line":52,"column":4}},"21":{"start":{"line":58,"column":18},"end":{"line":95,"column":1}},"22":{"start":{"line":60,"column":2},"end":{"line":63,"column":3}},"23":{"start":{"line":62,"column":4},"end":{"line":62,"column":70}},"24":{"start":{"line":65,"column":15},"end":{"line":65,"column":44}},"25":{"start":{"line":66,"column":2},"end":{"line":68,"column":61}},"26":{"start":{"line":67,"column":4},"end":{"line":67,"column":77}},"27":{"start":{"line":68,"column":0},"end":{"line":68,"column":58}},"28":{"start":{"line":71,"column":2},"end":{"line":73,"column":89}},"29":{"start":{"line":72,"column":4},"end":{"line":72,"column":82}},"30":{"start":{"line":73,"column":0},"end":{"line":73,"column":86}},"31":{"start":{"line":76,"column":18},"end":{"line":76,"column":64}},"32":{"start":{"line":77,"column":2},"end":{"line":79,"column":61}},"33":{"start":{"line":78,"column":4},"end":{"line":78,"column":79}},"34":{"start":{"line":79,"column":0},"end":{"line":79,"column":58}},"35":{"start":{"line":82,"column":16},"end":{"line":82,"column":50}},"36":{"start":{"line":83,"column":0},"end":{"line":83,"column":78}},"37":{"start":{"line":85,"column":2},"end":{"line":94,"column":4}},"38":{"start":{"line":98,"column":0},"end":{"line":98,"column":45}}},"fnMap":{"0":{"name":"(anonymous_0)","decl":{"start":{"line":8,"column":21},"end":{"line":8,"column":22}},"loc":{"start":{"line":8,"column":82},"end":{"line":53,"column":1}},"line":8},"1":{"name":"(anonymous_1)","decl":{"start":{"line":58,"column":18},"end":{"line":58,"column":19}},"loc":{"start":{"line":58,"column":49},"end":{"line":95,"column":1}},"line":58}},"branchMap":{"0":{"loc":{"start":{"line":11,"column":2},"end":{"line":14,"column":3}},"type":"if","locations":[{"start":{"line":11,"column":2},"end":{"line":14,"column":3}},{"start":{},"end":{}}],"line":11},"1":{"loc":{"start":{"line":11,"column":6},"end":{"line":11,"column":34}},"type":"binary-expr","locations":[{"start":{"line":11,"column":6},"end":{"line":11,"column":12}},{"start":{"line":11,"column":16},"end":{"line":11,"column":25}},{"start":{"line":11,"column":29},"end":{"line":11,"column":34}}],"line":11},"2":{"loc":{"start":{"line":18,"column":2},"end":{"line":20,"column":3}},"type":"if","locations":[{"start":{"line":18,"column":2},"end":{"line":20,"column":3}},{"start":{},"end":{}}],"line":18},"3":{"loc":{"start":{"line":22,"column":19},"end":{"line":22,"column":37}},"type":"binary-expr","locations":[{"start":{"line":22,"column":19},"end":{"line":22,"column":23}},{"start":{"line":22,"column":27},"end":{"line":22,"column":37}}],"line":22},"4":{"loc":{"start":{"line":25,"column":2},"end":{"line":29,"column":3}},"type":"if","locations":[{"start":{"line":25,"column":2},"end":{"line":29,"column":3}},{"start":{},"end":{}}],"line":25},"5":{"loc":{"start":{"line":26,"column":4},"end":{"line":26,"column":85}},"type":"if","locations":[{"start":{"line":26,"column":4},"end":{"line":26,"column":85}},{"start":{},"end":{}}],"line":26},"6":{"loc":{"start":{"line":27,"column":4},"end":{"line":28,"column":94}},"type":"if","locations":[{"start":{"line":27,"column":4},"end":{"line":28,"column":94}},{"start":{},"end":{}}],"line":27},"7":{"loc":{"start":{"line":27,"column":8},"end":{"line":27,"column":46}},"type":"binary-expr","locations":[{"start":{"line":27,"column":8},"end":{"line":27,"column":19}},{"start":{"line":27,"column":23},"end":{"line":27,"column":46}}],"line":27},"8":{"loc":{"start":{"line":38,"column":10},"end":{"line":38,"column":52}},"type":"cond-expr","locations":[{"start":{"line":38,"column":41},"end":{"line":38,"column":45}},{"start":{"line":38,"column":48},"end":{"line":38,"column":52}}],"line":38},"9":{"loc":{"start":{"line":39,"column":16},"end":{"line":39,"column":62}},"type":"cond-expr","locations":[{"start":{"line":39,"column":47},"end":{"line":39,"column":57}},{"start":{"line":39,"column":60},"end":{"line":39,"column":62}}],"line":39},"10":{"loc":{"start":{"line":60,"column":2},"end":{"line":63,"column":3}},"type":"if","locations":[{"start":{"line":60,"column":2},"end":{"line":63,"column":3}},{"start":{},"end":{}}],"line":60},"11":{"loc":{"start":{"line":60,"column":6},"end":{"line":60,"column":25}},"type":"binary-expr","locations":[{"start":{"line":60,"column":6},"end":{"line":60,"column":12}},{"start":{"line":60,"column":16},"end":{"line":60,"column":25}}],"line":60},"12":{"loc":{"start":{"line":66,"column":2},"end":{"line":68,"column":61}},"type":"if","locations":[{"start":{"line":66,"column":2},"end":{"line":68,"column":61}},{"start":{},"end":{}}],"line":66},"13":{"loc":{"start":{"line":71,"column":2},"end":{"line":73,"column":89}},"type":"if","locations":[{"start":{"line":71,"column":2},"end":{"line":73,"column":89}},{"start":{},"end":{}}],"line":71},"14":{"loc":{"start":{"line":71,"column":6},"end":{"line":71,"column":59}},"type":"binary-expr","locations":[{"start":{"line":71,"column":6},"end":{"line":71,"column":32}},{"start":{"line":71,"column":36},"end":{"line":71,"column":59}}],"line":71},"15":{"loc":{"start":{"line":77,"column":2},"end":{"line":79,"column":61}},"type":"if","locations":[{"start":{"line":77,"column":2},"end":{"line":79,"column":61}},{"start":{},"end":{}}],"line":77},"16":{"loc":{"start":{"line":90,"column":15},"end":{"line":90,"column":38}},"type":"binary-expr","locations":[{"start":{"line":90,"column":15},"end":{"line":90,"column":29}},{"start":{"line":90,"column":33},"end":{"line":90,"column":38}}],"line":90},"17":{"loc":{"start":{"line":91,"column":14},"end":{"line":91,"column":35}},"type":"binary-expr","locations":[{"start":{"line":91,"column":14},"end":{"line":91,"column":27}},{"start":{"line":91,"column":31},"end":{"line":91,"column":35}}],"line":91},"18":{"loc":{"start":{"line":92,"column":17},"end":{"line":92,"column":39}},"type":"binary-expr","locations":[{"start":{"line":92,"column":17},"end":{"line":92,"column":33}},{"start":{"line":92,"column":37},"end":{"line":92,"column":39}}],"line":92}},"s":{"0":2,"1":2,"2":2,"3":2,"4":2,"5":5,"6":1,"7":4,"8":4,"9":1,"10":3,"11":3,"12":2,"13":1,"14":1,"15":1,"16":1,"17":1,"18":1,"19":1,"20":1,"21":2,"22":4,"23":1,"24":3,"25":3,"26":1,"27":1,"28":2,"29":0,"30":0,"31":2,"32":2,"33":1,"34":1,"35":1,"36":1,"37":1,"38":2},"f":{"0":5,"1":4},"b":{"0":[1,4],"1":[5,4,4],"2":[1,3],"3":[3,1],"4":[2,1],"5":[1,1],"6":[1,0],"7":[1,1],"8":[0,1],"9":[0,1],"10":[1,3],"11":[4,3],"12":[1,2],"13":[0,2],"14":[2,2],"15":[1,1],"16":[1,1],"17":[1,1],"18":[1,0]},"_coverageSchema":"1a1c01bbd47fc00a2c39e90264f33305004495a9","hash":"eaa5135490b581132dc9080901717d05f1ff8617"}
,"C:\\intern\\incident-management-portal-backend\\backend\\services\\categoryService.js": {"path":"C:\\intern\\incident-management-portal-backend\\backend\\services\\categoryService.js","statementMap":{"0":{"start":{"line":1,"column":17},"end":{"line":1,"column":46}},"1":{"start":{"line":2,"column":26},"end":{"line":2,"column":57}},"2":{"start":{"line":3,"column":17},"end":{"line":3,"column":36}},"3":{"start":{"line":4,"column":15},"end":{"line":4,"column":41}},"4":{"start":{"line":7,"column":23},"end":{"line":21,"column":1}},"5":{"start":{"line":9,"column":2},"end":{"line":12,"column":3}},"6":{"start":{"line":11,"column":4},"end":{"line":11,"column":62}},"7":{"start":{"line":14,"column":19},"end":{"line":14,"column":51}},"8":{"start":{"line":15,"column":2},"end":{"line":17,"column":3}},"9":{"start":{"line":16,"column":4},"end":{"line":16,"column":60}},"10":{"start":{"line":18,"column":21},"end":{"line":18,"column":65}},"11":{"start":{"line":19,"column":2},"end":{"line":19,"column":65}},"12":{"start":{"line":20,"column":2},"end":{"line":20,"column":21}},"13":{"start":{"line":24,"column":22},"end":{"line":26,"column":1}},"14":{"start":{"line":25,"column":2},"end":{"line":25,"column":47}},"15":{"start":{"line":29,"column":23},"end":{"line":48,"column":1}},"16":{"start":{"line":30,"column":2},"end":{"line":33,"column":3}},"17":{"start":{"line":32,"column":4},"end":{"line":32,"column":63}},"18":{"start":{"line":35,"column":19},"end":{"line":39,"column":3}},"19":{"start":{"line":41,"column":2},"end":{"line":44,"column":3}},"20":{"start":{"line":43,"column":4},"end":{"line":43,"column":55}},"21":{"start":{"line":45,"column":2},"end":{"line":45,"column":42}},"22":{"start":{"line":47,"column":2},"end":{"line":47,"column":18}},"23":{"start":{"line":51,"column":23},"end":{"line":65,"column":1}},"24":{"start":{"line":52,"column":2},"end":{"line":55,"column":3}},"25":{"start":{"line":54,"column":4},"end":{"line":54,"column":63}},"26":{"start":{"line":57,"column":19},"end":{"line":57,"column":55}},"27":{"start":{"line":59,"column":2},"end":{"line":62,"column":3}},"28":{"start":{"line":61,"column":4},"end":{"line":61,"column":55}},"29":{"start":{"line":63,"column":2},"end":{"line":63,"column":42}},"30":{"start":{"line":64,"column":2},"end":{"line":64,"column":54}},"31":{"start":{"line":67,"column":0},"end":{"line":67,"column":83}}},"fnMap":{"0":{"name":"(anonymous_0)","decl":{"start":{"line":7,"column":23},"end":{"line":7,"column":24}},"loc":{"start":{"line":7,"column":52},"end":{"line":21,"column":1}},"line":7},"1":{"name":"(anonymous_1)","decl":{"start":{"line":24,"column":22},"end":{"line":24,"column":23}},"loc":{"start":{"line":24,"column":34},"end":{"line":26,"column":1}},"line":24},"2":{"name":"(anonymous_2)","decl":{"start":{"line":29,"column":23},"end":{"line":29,"column":24}},"loc":{"start":{"line":29,"column":60},"end":{"line":48,"column":1}},"line":29},"3":{"name":"(anonymous_3)","decl":{"start":{"line":51,"column":23},"end":{"line":51,"column":24}},"loc":{"start":{"line":51,"column":37},"end":{"line":65,"column":1}},"line":51}},"branchMap":{"0":{"loc":{"start":{"line":9,"column":2},"end":{"line":12,"column":3}},"type":"if","locations":[{"start":{"line":9,"column":2},"end":{"line":12,"column":3}},{"start":{},"end":{}}],"line":9},"1":{"loc":{"start":{"line":15,"column":2},"end":{"line":17,"column":3}},"type":"if","locations":[{"start":{"line":15,"column":2},"end":{"line":17,"column":3}},{"start":{},"end":{}}],"line":15},"2":{"loc":{"start":{"line":30,"column":2},"end":{"line":33,"column":3}},"type":"if","locations":[{"start":{"line":30,"column":2},"end":{"line":33,"column":3}},{"start":{},"end":{}}],"line":30},"3":{"loc":{"start":{"line":41,"column":2},"end":{"line":44,"column":3}},"type":"if","locations":[{"start":{"line":41,"column":2},"end":{"line":44,"column":3}},{"start":{},"end":{}}],"line":41},"4":{"loc":{"start":{"line":52,"column":2},"end":{"line":55,"column":3}},"type":"if","locations":[{"start":{"line":52,"column":2},"end":{"line":55,"column":3}},{"start":{},"end":{}}],"line":52},"5":{"loc":{"start":{"line":59,"column":2},"end":{"line":62,"column":3}},"type":"if","locations":[{"start":{"line":59,"column":2},"end":{"line":62,"column":3}},{"start":{},"end":{}}],"line":59}},"s":{"0":2,"1":2,"2":2,"3":2,"4":2,"5":3,"6":1,"7":2,"8":2,"9":1,"10":1,"11":1,"12":1,"13":2,"14":1,"15":2,"16":3,"17":1,"18":2,"19":2,"20":1,"21":1,"22":1,"23":2,"24":3,"25":1,"26":2,"27":2,"28":1,"29":1,"30":1,"31":2},"f":{"0":3,"1":1,"2":3,"3":3},"b":{"0":[1,2],"1":[1,1],"2":[1,2],"3":[1,1],"4":[1,2],"5":[1,1]},"_coverageSchema":"1a1c01bbd47fc00a2c39e90264f33305004495a9","hash":"178b6597cefbdf7a2ec2e42ca3f48965e8672888"}
,"C:\\intern\\incident-management-portal-backend\\backend\\services\\commentService.js": {"path":"C:\\intern\\incident-management-portal-backend\\backend\\services\\commentService.js","statementMap":{"0":{"start":{"line":2,"column":17},"end":{"line":2,"column":36}},"1":{"start":{"line":3,"column":16},"end":{"line":3,"column":44}},"2":{"start":{"line":4,"column":20},"end":{"line":4,"column":52}},"3":{"start":{"line":5,"column":17},"end":{"line":5,"column":46}},"4":{"start":{"line":6,"column":20},"end":{"line":6,"column":54}},"5":{"start":{"line":8,"column":15},"end":{"line":8,"column":41}},"6":{"start":{"line":9,"column":26},"end":{"line":9,"column":57}},"7":{"start":{"line":12,"column":19},"end":{"line":30,"column":1}},"8":{"start":{"line":13,"column":2},"end":{"line":15,"column":3}},"9":{"start":{"line":14,"column":4},"end":{"line":14,"column":63}},"10":{"start":{"line":17,"column":19},"end":{"line":17,"column":54}},"11":{"start":{"line":18,"column":2},"end":{"line":20,"column":3}},"12":{"start":{"line":19,"column":4},"end":{"line":19,"column":55}},"13":{"start":{"line":22,"column":18},"end":{"line":27,"column":4}},"14":{"start":{"line":28,"column":0},"end":{"line":28,"column":102}},"15":{"start":{"line":29,"column":2},"end":{"line":29,"column":63}},"16":{"start":{"line":33,"column":28},"end":{"line":53,"column":1}},"17":{"start":{"line":34,"column":2},"end":{"line":36,"column":3}},"18":{"start":{"line":35,"column":4},"end":{"line":35,"column":63}},"19":{"start":{"line":37,"column":0},"end":{"line":37,"column":86}},"20":{"start":{"line":39,"column":22},"end":{"line":39,"column":36}},"21":{"start":{"line":40,"column":2},"end":{"line":42,"column":3}},"22":{"start":{"line":41,"column":4},"end":{"line":41,"column":37}},"23":{"start":{"line":44,"column":19},"end":{"line":46,"column":27}},"24":{"start":{"line":48,"column":21},"end":{"line":50,"column":27}},"25":{"start":{"line":52,"column":2},"end":{"line":52,"column":34}},"26":{"start":{"line":60,"column":32},"end":{"line":75,"column":1}},"27":{"start":{"line":62,"column":2},"end":{"line":64,"column":3}},"28":{"start":{"line":63,"column":4},"end":{"line":63,"column":63}},"29":{"start":{"line":66,"column":19},"end":{"line":66,"column":54}},"30":{"start":{"line":67,"column":2},"end":{"line":69,"column":3}},"31":{"start":{"line":68,"column":4},"end":{"line":68,"column":55}},"32":{"start":{"line":72,"column":2},"end":{"line":74,"column":28}},"33":{"start":{"line":77,"column":0},"end":{"line":81,"column":2}}},"fnMap":{"0":{"name":"(anonymous_0)","decl":{"start":{"line":12,"column":19},"end":{"line":12,"column":20}},"loc":{"start":{"line":12,"column":82},"end":{"line":30,"column":1}},"line":12},"1":{"name":"(anonymous_1)","decl":{"start":{"line":33,"column":28},"end":{"line":33,"column":29}},"loc":{"start":{"line":33,"column":60},"end":{"line":53,"column":1}},"line":33},"2":{"name":"(anonymous_2)","decl":{"start":{"line":60,"column":32},"end":{"line":60,"column":33}},"loc":{"start":{"line":60,"column":54},"end":{"line":75,"column":1}},"line":60}},"branchMap":{"0":{"loc":{"start":{"line":12,"column":57},"end":{"line":12,"column":75}},"type":"default-arg","locations":[{"start":{"line":12,"column":70},"end":{"line":12,"column":75}}],"line":12},"1":{"loc":{"start":{"line":13,"column":2},"end":{"line":15,"column":3}},"type":"if","locations":[{"start":{"line":13,"column":2},"end":{"line":15,"column":3}},{"start":{},"end":{}}],"line":13},"2":{"loc":{"start":{"line":18,"column":2},"end":{"line":20,"column":3}},"type":"if","locations":[{"start":{"line":18,"column":2},"end":{"line":20,"column":3}},{"start":{},"end":{}}],"line":18},"3":{"loc":{"start":{"line":34,"column":2},"end":{"line":36,"column":3}},"type":"if","locations":[{"start":{"line":34,"column":2},"end":{"line":36,"column":3}},{"start":{},"end":{}}],"line":34},"4":{"loc":{"start":{"line":40,"column":2},"end":{"line":42,"column":3}},"type":"if","locations":[{"start":{"line":40,"column":2},"end":{"line":42,"column":3}},{"start":{},"end":{}}],"line":40},"5":{"loc":{"start":{"line":62,"column":2},"end":{"line":64,"column":3}},"type":"if","locations":[{"start":{"line":62,"column":2},"end":{"line":64,"column":3}},{"start":{},"end":{}}],"line":62},"6":{"loc":{"start":{"line":67,"column":2},"end":{"line":69,"column":3}},"type":"if","locations":[{"start":{"line":67,"column":2},"end":{"line":69,"column":3}},{"start":{},"end":{}}],"line":67}},"s":{"0":2,"1":2,"2":2,"3":2,"4":2,"5":2,"6":2,"7":2,"8":3,"9":1,"10":2,"11":2,"12":1,"13":1,"14":1,"15":1,"16":2,"17":3,"18":1,"19":2,"20":2,"21":2,"22":1,"23":2,"24":2,"25":2,"26":2,"27":3,"28":1,"29":2,"30":2,"31":1,"32":1,"33":2},"f":{"0":3,"1":3,"2":3},"b":{"0":[2],"1":[1,2],"2":[1,1],"3":[1,2],"4":[1,1],"5":[1,2],"6":[1,1]},"_coverageSchema":"1a1c01bbd47fc00a2c39e90264f33305004495a9","hash":"f20bb28f46289af223df06556d1b6beb0e47c097"}
,"C:\\intern\\incident-management-portal-backend\\backend\\services\\dashboardService.js": {"path":"C:\\intern\\incident-management-portal-backend\\backend\\services\\dashboardService.js","statementMap":{"0":{"start":{"line":2,"column":17},"end":{"line":2,"column":46}},"1":{"start":{"line":3,"column":15},"end":{"line":3,"column":41}},"2":{"start":{"line":5,"column":26},"end":{"line":9,"column":1}},"3":{"start":{"line":6,"column":16},"end":{"line":6,"column":34}},"4":{"start":{"line":7,"column":2},"end":{"line":7,"column":32}},"5":{"start":{"line":8,"column":2},"end":{"line":8,"column":15}},"6":{"start":{"line":11,"column":28},"end":{"line":74,"column":1}},"7":{"start":{"line":13,"column":2},"end":{"line":15,"column":3}},"8":{"start":{"line":14,"column":4},"end":{"line":14,"column":60}},"9":{"start":{"line":16,"column":0},"end":{"line":16,"column":97}},"10":{"start":{"line":17,"column":15},"end":{"line":17,"column":17}},"11":{"start":{"line":20,"column":2},"end":{"line":22,"column":3}},"12":{"start":{"line":21,"column":4},"end":{"line":21,"column":33}},"13":{"start":{"line":24,"column":14},"end":{"line":24,"column":24}},"14":{"start":{"line":27,"column":25},"end":{"line":27,"column":62}},"15":{"start":{"line":30,"column":19},"end":{"line":30,"column":78}},"16":{"start":{"line":31,"column":26},"end":{"line":31,"column":93}},"17":{"start":{"line":32,"column":22},"end":{"line":32,"column":85}},"18":{"start":{"line":33,"column":24},"end":{"line":33,"column":88}},"19":{"start":{"line":34,"column":22},"end":{"line":34,"column":84}},"20":{"start":{"line":37,"column":20},"end":{"line":37,"column":60}},"21":{"start":{"line":40,"column":24},"end":{"line":40,"column":90}},"22":{"start":{"line":41,"column":20},"end":{"line":41,"column":82}},"23":{"start":{"line":42,"column":22},"end":{"line":42,"column":86}},"24":{"start":{"line":43,"column":19},"end":{"line":43,"column":80}},"25":{"start":{"line":46,"column":27},"end":{"line":50,"column":4}},"26":{"start":{"line":52,"column":2},"end":{"line":73,"column":4}},"27":{"start":{"line":76,"column":0},"end":{"line":76,"column":41}}},"fnMap":{"0":{"name":"(anonymous_0)","decl":{"start":{"line":5,"column":26},"end":{"line":5,"column":27}},"loc":{"start":{"line":5,"column":51},"end":{"line":9,"column":1}},"line":5},"1":{"name":"(anonymous_1)","decl":{"start":{"line":11,"column":28},"end":{"line":11,"column":29}},"loc":{"start":{"line":11,"column":44},"end":{"line":74,"column":1}},"line":11}},"branchMap":{"0":{"loc":{"start":{"line":13,"column":2},"end":{"line":15,"column":3}},"type":"if","locations":[{"start":{"line":13,"column":2},"end":{"line":15,"column":3}},{"start":{},"end":{}}],"line":13},"1":{"loc":{"start":{"line":16,"column":53},"end":{"line":16,"column":72}},"type":"binary-expr","locations":[{"start":{"line":16,"column":53},"end":{"line":16,"column":61}},{"start":{"line":16,"column":65},"end":{"line":16,"column":72}}],"line":16},"2":{"loc":{"start":{"line":20,"column":2},"end":{"line":22,"column":3}},"type":"if","locations":[{"start":{"line":20,"column":2},"end":{"line":22,"column":3}},{"start":{},"end":{}}],"line":20}},"s":{"0":1,"1":1,"2":1,"3":1,"4":1,"5":1,"6":1,"7":3,"8":1,"9":2,"10":2,"11":2,"12":1,"13":2,"14":2,"15":2,"16":2,"17":2,"18":2,"19":2,"20":2,"21":2,"22":2,"23":2,"24":2,"25":2,"26":2,"27":1},"f":{"0":1,"1":3},"b":{"0":[1,2],"1":[2,0],"2":[1,1]},"_coverageSchema":"1a1c01bbd47fc00a2c39e90264f33305004495a9","hash":"ba079a9a88ef978c0e2cb4ebed9610ce4e74bdec"}
,"C:\\intern\\incident-management-portal-backend\\backend\\services\\incidentService.js": {"path":"C:\\intern\\incident-management-portal-backend\\backend\\services\\incidentService.js","statementMap":{"0":{"start":{"line":1,"column":17},"end":{"line":1,"column":46}},"1":{"start":{"line":2,"column":19},"end":{"line":2,"column":50}},"2":{"start":{"line":3,"column":13},"end":{"line":3,"column":38}},"3":{"start":{"line":4,"column":21},"end":{"line":4,"column":53}},"4":{"start":{"line":5,"column":20},"end":{"line":5,"column":54}},"5":{"start":{"line":6,"column":29},"end":{"line":6,"column":61}},"6":{"start":{"line":7,"column":19},"end":{"line":7,"column":38}},"7":{"start":{"line":8,"column":17},"end":{"line":8,"column":36}},"8":{"start":{"line":9,"column":15},"end":{"line":9,"column":41}},"9":{"start":{"line":12,"column":26},"end":{"line":16,"column":1}},"10":{"start":{"line":13,"column":16},"end":{"line":13,"column":34}},"11":{"start":{"line":14,"column":2},"end":{"line":14,"column":32}},"12":{"start":{"line":15,"column":2},"end":{"line":15,"column":15}},"13":{"start":{"line":21,"column":23},"end":{"line":62,"column":1}},"14":{"start":{"line":23,"column":16},"end":{"line":23,"column":56}},"15":{"start":{"line":26,"column":23},"end":{"line":33,"column":3}},"16":{"start":{"line":36,"column":2},"end":{"line":39,"column":3}},"17":{"start":{"line":37,"column":4},"end":{"line":37,"column":41}},"18":{"start":{"line":38,"column":4},"end":{"line":38,"column":40}},"19":{"start":{"line":42,"column":19},"end":{"line":42,"column":54}},"20":{"start":{"line":45,"column":2},"end":{"line":52,"column":3}},"21":{"start":{"line":46,"column":4},"end":{"line":51,"column":7}},"22":{"start":{"line":55,"column":2},"end":{"line":59,"column":5}},"23":{"start":{"line":61,"column":2},"end":{"line":61,"column":18}},"24":{"start":{"line":65,"column":21},"end":{"line":105,"column":1}},"25":{"start":{"line":66,"column":61},"end":{"line":66,"column":66}},"26":{"start":{"line":67,"column":15},"end":{"line":67,"column":17}},"27":{"start":{"line":70,"column":26},"end":{"line":70,"column":75}},"28":{"start":{"line":73,"column":2},"end":{"line":84,"column":3}},"29":{"start":{"line":76,"column":4},"end":{"line":76,"column":33}},"30":{"start":{"line":77,"column":9},"end":{"line":84,"column":3}},"31":{"start":{"line":80,"column":4},"end":{"line":82,"column":5}},"32":{"start":{"line":81,"column":6},"end":{"line":81,"column":35}},"33":{"start":{"line":88,"column":2},"end":{"line":88,"column":37}},"34":{"start":{"line":88,"column":14},"end":{"line":88,"column":37}},"35":{"start":{"line":89,"column":2},"end":{"line":89,"column":43}},"36":{"start":{"line":89,"column":16},"end":{"line":89,"column":43}},"37":{"start":{"line":90,"column":2},"end":{"line":90,"column":43}},"38":{"start":{"line":90,"column":16},"end":{"line":90,"column":43}},"39":{"start":{"line":93,"column":2},"end":{"line":98,"column":3}},"40":{"start":{"line":94,"column":4},"end":{"line":97,"column":6}},"41":{"start":{"line":100,"column":2},"end":{"line":104,"column":29}},"42":{"start":{"line":107,"column":23},"end":{"line":113,"column":1}},"43":{"start":{"line":108,"column":2},"end":{"line":112,"column":29}},"44":{"start":{"line":118,"column":24},"end":{"line":173,"column":1}},"45":{"start":{"line":120,"column":13},"end":{"line":120,"column":75}},"46":{"start":{"line":122,"column":2},"end":{"line":127,"column":3}},"47":{"start":{"line":126,"column":4},"end":{"line":126,"column":63}},"48":{"start":{"line":129,"column":19},"end":{"line":132,"column":51}},"49":{"start":{"line":134,"column":2},"end":{"line":138,"column":3}},"50":{"start":{"line":137,"column":4},"end":{"line":137,"column":54}},"51":{"start":{"line":140,"column":17},"end":{"line":140,"column":49}},"52":{"start":{"line":141,"column":19},"end":{"line":141,"column":36}},"53":{"start":{"line":144,"column":2},"end":{"line":151,"column":3}},"54":{"start":{"line":145,"column":23},"end":{"line":145,"column":94}},"55":{"start":{"line":146,"column":4},"end":{"line":150,"column":5}},"56":{"start":{"line":149,"column":6},"end":{"line":149,"column":74}},"57":{"start":{"line":154,"column":2},"end":{"line":169,"column":3}},"58":{"start":{"line":155,"column":28},"end":{"line":155,"column":99}},"59":{"start":{"line":156,"column":27},"end":{"line":156,"column":53}},"60":{"start":{"line":159,"column":22},"end":{"line":159,"column":31}},"61":{"start":{"line":160,"column":25},"end":{"line":160,"column":67}},"62":{"start":{"line":161,"column":23},"end":{"line":161,"column":78}},"63":{"start":{"line":164,"column":4},"end":{"line":168,"column":5}},"64":{"start":{"line":167,"column":6},"end":{"line":167,"column":131}},"65":{"start":{"line":172,"column":2},"end":{"line":172,"column":18}},"66":{"start":{"line":176,"column":23},"end":{"line":244,"column":1}},"67":{"start":{"line":178,"column":19},"end":{"line":178,"column":54}},"68":{"start":{"line":179,"column":2},"end":{"line":181,"column":3}},"69":{"start":{"line":180,"column":4},"end":{"line":180,"column":54}},"70":{"start":{"line":183,"column":14},"end":{"line":183,"column":18}},"71":{"start":{"line":186,"column":2},"end":{"line":199,"column":3}},"72":{"start":{"line":187,"column":4},"end":{"line":187,"column":41}},"73":{"start":{"line":188,"column":4},"end":{"line":190,"column":5}},"74":{"start":{"line":189,"column":6},"end":{"line":189,"column":62}},"75":{"start":{"line":191,"column":4},"end":{"line":193,"column":5}},"76":{"start":{"line":192,"column":6},"end":{"line":192,"column":97}},"77":{"start":{"line":195,"column":4},"end":{"line":195,"column":34}},"78":{"start":{"line":198,"column":4},"end":{"line":198,"column":31}},"79":{"start":{"line":202,"column":2},"end":{"line":204,"column":3}},"80":{"start":{"line":203,"column":4},"end":{"line":203,"column":36}},"81":{"start":{"line":207,"column":2},"end":{"line":207,"column":24}},"82":{"start":{"line":210,"column":2},"end":{"line":215,"column":5}},"83":{"start":{"line":218,"column":2},"end":{"line":237,"column":3}},"84":{"start":{"line":219,"column":4},"end":{"line":236,"column":7}},"85":{"start":{"line":240,"column":2},"end":{"line":243,"column":46}},"86":{"start":{"line":247,"column":19},"end":{"line":251,"column":1}},"87":{"start":{"line":248,"column":2},"end":{"line":248,"column":23}},"88":{"start":{"line":248,"column":11},"end":{"line":248,"column":23}},"89":{"start":{"line":249,"column":19},"end":{"line":249,"column":83}},"90":{"start":{"line":250,"column":2},"end":{"line":250,"column":69}},"91":{"start":{"line":256,"column":27},"end":{"line":364,"column":1}},"92":{"start":{"line":258,"column":21},"end":{"line":258,"column":46}},"93":{"start":{"line":259,"column":24},"end":{"line":259,"column":52}},"94":{"start":{"line":261,"column":2},"end":{"line":265,"column":3}},"95":{"start":{"line":264,"column":4},"end":{"line":264,"column":62}},"96":{"start":{"line":267,"column":2},"end":{"line":271,"column":3}},"97":{"start":{"line":270,"column":4},"end":{"line":270,"column":66}},"98":{"start":{"line":274,"column":34},"end":{"line":277,"column":4}},"99":{"start":{"line":280,"column":2},"end":{"line":284,"column":3}},"100":{"start":{"line":283,"column":4},"end":{"line":283,"column":54}},"101":{"start":{"line":287,"column":2},"end":{"line":291,"column":3}},"102":{"start":{"line":290,"column":4},"end":{"line":290,"column":82}},"103":{"start":{"line":295,"column":26},"end":{"line":295,"column":77}},"104":{"start":{"line":296,"column":34},"end":{"line":296,"column":72}},"105":{"start":{"line":298,"column":2},"end":{"line":305,"column":3}},"106":{"start":{"line":303,"column":4},"end":{"line":304,"column":10}},"107":{"start":{"line":308,"column":19},"end":{"line":308,"column":43}},"108":{"start":{"line":309,"column":2},"end":{"line":320,"column":3}},"109":{"start":{"line":310,"column":24},"end":{"line":310,"column":75}},"110":{"start":{"line":311,"column":23},"end":{"line":311,"column":74}},"111":{"start":{"line":313,"column":4},"end":{"line":319,"column":5}},"112":{"start":{"line":318,"column":6},"end":{"line":318,"column":127}},"113":{"start":{"line":323,"column":26},"end":{"line":329,"column":41}},"114":{"start":{"line":332,"column":2},"end":{"line":342,"column":3}},"115":{"start":{"line":333,"column":4},"end":{"line":338,"column":7}},"116":{"start":{"line":341,"column":4},"end":{"line":341,"column":63}},"117":{"start":{"line":345,"column":2},"end":{"line":361,"column":3}},"118":{"start":{"line":346,"column":4},"end":{"line":360,"column":4}},"119":{"start":{"line":358,"column":6},"end":{"line":358,"column":72}},"120":{"start":{"line":363,"column":2},"end":{"line":363,"column":25}},"121":{"start":{"line":367,"column":23},"end":{"line":385,"column":1}},"122":{"start":{"line":369,"column":24},"end":{"line":369,"column":57}},"123":{"start":{"line":371,"column":14},"end":{"line":374,"column":3}},"124":{"start":{"line":377,"column":2},"end":{"line":379,"column":3}},"125":{"start":{"line":378,"column":4},"end":{"line":378,"column":34}},"126":{"start":{"line":382,"column":22},"end":{"line":382,"column":90}},"127":{"start":{"line":384,"column":2},"end":{"line":384,"column":21}},"128":{"start":{"line":387,"column":29},"end":{"line":433,"column":1}},"129":{"start":{"line":388,"column":19},"end":{"line":388,"column":54}},"130":{"start":{"line":389,"column":2},"end":{"line":391,"column":3}},"131":{"start":{"line":390,"column":4},"end":{"line":390,"column":54}},"132":{"start":{"line":393,"column":26},"end":{"line":393,"column":81}},"133":{"start":{"line":394,"column":2},"end":{"line":
[...]
,"C:\\intern\\incident-management-portal-backend\\backend\\services\\userService.js": {"path":"C:\\intern\\incident-management-portal-backend\\backend\\services\\userService.js","statementMap":{"0":{"start":{"line":2,"column":13},"end":{"line":2,"column":38}},"1":{"start":{"line":3,"column":17},"end":{"line":3,"column":36}},"2":{"start":{"line":4,"column":26},"end":{"line":4,"column":57}},"3":{"start":{"line":7,"column":20},"end":{"line":21,"column":1}},"4":{"start":{"line":8,"column":27},"end":{"line":8,"column":32}},"5":{"start":{"line":9,"column":15},"end":{"line":9,"column":17}},"6":{"start":{"line":11,"column":2},"end":{"line":11,"column":31}},"7":{"start":{"line":11,"column":12},"end":{"line":11,"column":31}},"8":{"start":{"line":13,"column":2},"end":{"line":18,"column":3}},"9":{"start":{"line":14,"column":4},"end":{"line":17,"column":6}},"10":{"start":{"line":20,"column":2},"end":{"line":20,"column":77}},"11":{"start":{"line":23,"column":26},"end":{"line":48,"column":1}},"12":{"start":{"line":24,"column":2},"end":{"line":27,"column":3}},"13":{"start":{"line":26,"column":4},"end":{"line":26,"column":75}},"14":{"start":{"line":29,"column":21},"end":{"line":29,"column":50}},"15":{"start":{"line":30,"column":2},"end":{"line":33,"column":3}},"16":{"start":{"line":32,"column":4},"end":{"line":32,"column":72}},"17":{"start":{"line":35,"column":15},"end":{"line":40,"column":4}},"18":{"start":{"line":42,"column":2},"end":{"line":47,"column":4}},"19":{"start":{"line":53,"column":31},"end":{"line":77,"column":1}},"20":{"start":{"line":55,"column":2},"end":{"line":57,"column":3}},"21":{"start":{"line":56,"column":4},"end":{"line":56,"column":59}},"22":{"start":{"line":59,"column":15},"end":{"line":59,"column":42}},"23":{"start":{"line":60,"column":2},"end":{"line":62,"column":3}},"24":{"start":{"line":61,"column":4},"end":{"line":61,"column":51}},"25":{"start":{"line":64,"column":2},"end":{"line":69,"column":3}},"26":{"start":{"line":65,"column":25},"end":{"line":65,"column":63}},"27":{"start":{"line":66,"column":4},"end":{"line":67,"column":94}},"28":{"start":{"line":67,"column":0},"end":{"line":67,"column":89}},"29":{"start":{"line":68,"column":4},"end":{"line":68,"column":21}},"30":{"start":{"line":71,"column":2},"end":{"line":73,"column":3}},"31":{"start":{"line":72,"column":4},"end":{"line":72,"column":29}},"32":{"start":{"line":75,"column":2},"end":{"line":75,"column":20}},"33":{"start":{"line":76,"column":2},"end":{"line":76,"column":57}},"34":{"start":{"line":79,"column":26},"end":{"line":110,"column":1}},"35":{"start":{"line":81,"column":2},"end":{"line":83,"column":3}},"36":{"start":{"line":82,"column":4},"end":{"line":82,"column":59}},"37":{"start":{"line":84,"column":25},"end":{"line":84,"column":35}},"38":{"start":{"line":86,"column":15},"end":{"line":86,"column":42}},"39":{"start":{"line":87,"column":2},"end":{"line":89,"column":3}},"40":{"start":{"line":88,"column":0},"end":{"line":88,"column":47}},"41":{"start":{"line":91,"column":2},"end":{"line":91,"column":29}},"42":{"start":{"line":91,"column":12},"end":{"line":91,"column":29}},"43":{"start":{"line":92,"column":2},"end":{"line":92,"column":29}},"44":{"start":{"line":92,"column":12},"end":{"line":92,"column":29}},"45":{"start":{"line":94,"column":2},"end":{"line":101,"column":3}},"46":{"start":{"line":95,"column":25},"end":{"line":95,"column":63}},"47":{"start":{"line":96,"column":4},"end":{"line":99,"column":5}},"48":{"start":{"line":98,"column":6},"end":{"line":98,"column":95}},"49":{"start":{"line":100,"column":4},"end":{"line":100,"column":21}},"50":{"start":{"line":102,"column":22},"end":{"line":102,"column":39}},"51":{"start":{"line":104,"column":2},"end":{"line":109,"column":4}},"52":{"start":{"line":112,"column":26},"end":{"line":130,"column":1}},"53":{"start":{"line":114,"column":2},"end":{"line":116,"column":3}},"54":{"start":{"line":115,"column":4},"end":{"line":115,"column":59}},"55":{"start":{"line":118,"column":2},"end":{"line":121,"column":3}},"56":{"start":{"line":120,"column":4},"end":{"line":120,"column":77}},"57":{"start":{"line":123,"column":15},"end":{"line":123,"column":51}},"58":{"start":{"line":124,"column":2},"end":{"line":127,"column":3}},"59":{"start":{"line":126,"column":4},"end":{"line":126,"column":51}},"60":{"start":{"line":129,"column":2},"end":{"line":129,"column":50}},"61":{"start":{"line":132,"column":35},"end":{"line":142,"column":1}},"62":{"start":{"line":133,"column":2},"end":{"line":136,"column":3}},"63":{"start":{"line":135,"column":4},"end":{"line":135,"column":68}},"64":{"start":{"line":138,"column":2},"end":{"line":141,"column":46}},"65":{"start":{"line":144,"column":0},"end":{"line":144,"column":141}}},"fnMap":{"0":{"name":"(anonymous_0)","decl":{"start":{"line":7,"column":20},"end":{"line":7,"column":21}},"loc":{"start":{"line":7,"column":37},"end":{"line":21,"column":1}},"line":7},"1":{"name":"(anonymous_1)","decl":{"start":{"line":23,"column":26},"end":{"line":23,"column":27}},"loc":{"start":{"line":23,"column":69},"end":{"line":48,"column":1}},"line":23},"2":{"name":"(anonymous_2)","decl":{"start":{"line":53,"column":31},"end":{"line":53,"column":32}},"loc":{"start":{"line":53,"column":69},"end":{"line":77,"column":1}},"line":53},"3":{"name":"(anonymous_3)","decl":{"start":{"line":79,"column":26},"end":{"line":79,"column":27}},"loc":{"start":{"line":79,"column":56},"end":{"line":110,"column":1}},"line":79},"4":{"name":"(anonymous_4)","decl":{"start":{"line":112,"column":26},"end":{"line":112,"column":27}},"loc":{"start":{"line":112,"column":60},"end":{"line":130,"column":1}},"line":112},"5":{"name":"(anonymous_5)","decl":{"start":{"line":132,"column":35},"end":{"line":132,"column":36}},"loc":{"start":{"line":132,"column":55},"end":{"line":142,"column":1}},"line":132}},"branchMap":{"0":{"loc":{"start":{"line":11,"column":2},"end":{"line":11,"column":31}},"type":"if","locations":[{"start":{"line":11,"column":2},"end":{"line":11,"column":31}},{"start":{},"end":{}}],"line":11},"1":{"loc":{"start":{"line":13,"column":2},"end":{"line":18,"column":3}},"type":"if","locations":[{"start":{"line":13,"column":2},"end":{"line":18,"column":3}},{"start":{},"end":{}}],"line":13},"2":{"loc":{"start":{"line":24,"column":2},"end":{"line":27,"column":3}},"type":"if","locations":[{"start":{"line":24,"column":2},"end":{"line":27,"column":3}},{"start":{},"end":{}}],"line":24},"3":{"loc":{"start":{"line":24,"column":6},"end":{"line":24,"column":34}},"type":"binary-expr","locations":[{"start":{"line":24,"column":6},"end":{"line":24,"column":11}},{"start":{"line":24,"column":15},"end":{"line":24,"column":21}},{"start":{"line":24,"column":25},"end":{"line":24,"column":34}}],"line":24},"4":{"loc":{"start":{"line":30,"column":2},"end":{"line":33,"column":3}},"type":"if","locations":[{"start":{"line":30,"column":2},"end":{"line":33,"column":3}},{"start":{},"end":{}}],"line":30},"5":{"loc":{"start":{"line":39,"column":10},"end":{"line":39,"column":28}},"type":"binary-expr","locations":[{"start":{"line":39,"column":10},"end":{"line":39,"column":14}},{"start":{"line":39,"column":18},"end":{"line":39,"column":28}}],"line":39},"6":{"loc":{"start":{"line":55,"column":2},"end":{"line":57,"column":3}},"type":"if","locations":[{"start":{"line":55,"column":2},"end":{"line":57,"column":3}},{"start":{},"end":{}}],"line":55},"7":{"loc":{"start":{"line":60,"column":2},"end":{"line":62,"column":3}},"type":"if","locations":[{"start":{"line":60,"column":2},"end":{"line":62,"column":3}},{"start":{},"end":{}}],"line":60},"8":{"loc":{"start":{"line":64,"column":2},"end":{"line":69,"column":3}},"type":"if","locations":[{"start":{"line":64,"column":2},"end":{"line":69,"column":3}},{"start":{},"end":{}}],"line":64},"9":{"loc":{"start":{"line":66,"column":4},"end":{"line":67,"column":94}},"type":"if","locations":[{"start":{"line":66,"column":4},"end":{"line":67,"column":94}},{"start":{},"end":{}}],"line":66},"10":{"loc":{"start":{"line":71,"column":2},"end":{"line":73,"column":3}},"type":"if","locations":[{"start":{"line":71,"column":2},"end":{"line":73,"column":3}},{"start":{},"end":{}}],"line":71},"11":{"loc":{"start":{"line":81,"column":2},"end":{"line":83,"column":3}},"type":"if","locations":[{"start":{"line":81,"column":2},"end":{"line":83,"column":3}},{"start":{},"end":{}}],"line":81},"12":{"loc":{"start":{"line":87,"column":2},"end":{"line":89,"column":3}},"type":"if","locations":[{"start":{"line":87,"column":2},"end":{"line":89,"column":3}},{"start":{},"end":{}}],"line":87},"13":{"loc":{"start":{"line":91,"column":2},"end":{"line":91,"column":29}},"type":"if","locations":[{"start":{"line":91,"column":2},"end":{"line":91,"column":29}},{"start":{},"end":{}}],"line":91},"14":{"loc":{"start":{"line":92,"column":2},"end":{"line":92,"column":29}},"type":"if","locations":[{"start":{"line":92,"column":2},"end":{"line":92,"column":29}},{"start":{},"end":{}}],"line":92},"15":{"loc":{"start":{"line":94,"column":2},"end":{"line":101,"column":3}},"type":"if","locations":[{"start":{"line":94,"column":2},"end":{"line":101,"column":3}},{"start":{},"end":{}}],"line":94},"16":{"loc":{"start":{"line":96,"column":4},"end":{"line":99,"column":5}},"type":"if","locations":[{"start":{"line":96,"column":4},"end":{"line":99,"column":5}},{"start":{},"end":{}}],"line":96},"17":{"loc":{"start":{"line":114,"column":2},"end":{"line":116,"column":3}},"type":"if","locations":[{"start":{"line":114,"column":2},"end":{"line":116,"column":3}},{"start":{},"end":{}}],"line":114},"18":{"loc":{"start":{"line":118,"column":2},"end":{"line":121,"column":3}},"type":"if","locations":[{"start":{"line":118,"column":2},"end":{"line":121,"column":3}},{"start":{},"end":{}}],"line":118},"19":{"loc":{"start":{"line":118,"column":6},"end":{"line":118,"column":60}},"type":"binary-expr","locations":[{"start":{"line":118,"column":6},"end":{"line":118,"column":20}},{"start":{"line":118,"column":24},"end":{"line":118,"column":60}}],"line":118},"20":{"loc":{"start":{"line":124,"column":2},"end":{"line":127,"column":3}},"type":"if","locations":[{"start":{"line":124,"column":2},"end":{"line":127,"column":3}},{"start":{},"end":{}}],"line":124},"21":{"loc":{"start":{"line":133,"column":2},"end":{"line":136,"column":3}},"type":"if","locations":[{"start":{"line":133,"column":2},"end":{"line":136,"column":3}},{"start":{},"end":{}}],"line":133}},"s":{"0":2,"1":2,"2":2,"3":2,"4":2,"5":2,"6":2,"7":1,"8":2,"9":1,"10":2,"11":2,"12":3,"13":1,"14":2,"15":2,"16":1,"17":1,"18":1,"19":2,"20":4,"21":1,"22":3,"23":3,"24":1,"25":2,"26":2,"27":2,"28":1,"29":1,"30":1,"31":1,"32":1,"33":1,"34":2,"35":4,"36":1,"37":3,"38":3,"39":3,"40":1,"41":2,"42":1,"43":2,"44":2,"45":2,"46":2,"47":2,"48":1,"49":1,"50":1,"51":1,"52":2,"53":4,"54":1,"55":3,"56":1,"57":2,"58":2,"59":1,"60":1,"61":2,"62":2,"63":1,"64":1,"65":2},"f":{"0":2,"1":3,"2":4,"3":4,"4":4,"5":2},"b":{"0":[1,1],"1":[1,1],"2":[1,2],"3":[3,3,2],"4":[1,1],"5":[1,1],"6":[1,3],"7":[1,2],"8":[2,0],"9":[1,1],"10":[1,0],"11":[1,3],"12":[1,2],"13":[1,1],"14":[2,0],"15":[2,0],"16":[1,1],"17":[1,3],"18":[1,2],"19":[3,3],"20":[1,1],"21":[1,1]},"_coverageSchema":"1a1c01bbd47fc00a2c39e90264f33305004495a9","hash":"671977568e5ab5a41e725c170a889a8438b43246"}
,"C:\\intern\\incident-management-portal-backend\\backend\\utils\\activityLogger.js": {"path":"C:\\intern\\incident-management-portal-backend\\backend\\utils\\activityLogger.js","statementMap":{"0":{"start":{"line":2,"column":20},"end":{"line":2,"column":52}},"1":{"start":{"line":4,"column":20},"end":{"line":16,"column":1}},"2":{"start":{"line":5,"column":2},"end":{"line":15,"column":3}},"3":{"start":{"line":6,"column":4},"end":{"line":12,"column":7}},"4":{"start":{"line":14,"column":4},"end":{"line":14,"column":60}},"5":{"start":{"line":18,"column":0},"end":{"line":18,"column":29}}},"fnMap":{"0":{"name":"(anonymous_0)","decl":{"start":{"line":4,"column":20},"end":{"line":4,"column":21}},"loc":{"start":{"line":4,"column":101},"end":{"line":16,"column":1}},"line":4}},"branchMap":{"0":{"loc":{"start":{"line":4,"column":62},"end":{"line":4,"column":77}},"type":"default-arg","locations":[{"start":{"line":4,"column":73},"end":{"line":4,"column":77}}],"line":4},"1":{"loc":{"start":{"line":4,"column":79},"end":{"line":4,"column":94}},"type":"default-arg","locations":[{"start":{"line":4,"column":90},"end":{"line":4,"column":94}}],"line":4}},"s":{"0":6,"1":6,"2":0,"3":0,"4":0,"5":6},"f":{"0":0},"b":{"0":[0],"1":[0]},"_coverageSchema":"1a1c01bbd47fc00a2c39e90264f33305004495a9","hash":"0ce9793edee83228d808f406b03a048cbcc9876d"}
,"C:\\intern\\incident-management-portal-backend\\backend\\utils\\authUtils.js": {"path":"C:\\intern\\incident-management-portal-backend\\backend\\utils\\authUtils.js","statementMap":{"0":{"start":{"line":1,"column":12},"end":{"line":1,"column":35}},"1":{"start":{"line":2,"column":15},"end":{"line":2,"column":34}},"2":{"start":{"line":5,"column":21},"end":{"line":8,"column":1}},"3":{"start":{"line":6,"column":15},"end":{"line":6,"column":39}},"4":{"start":{"line":7,"column":2},"end":{"line":7,"column":43}},"5":{"start":{"line":11,"column":24},"end":{"line":13,"column":1}},"6":{"start":{"line":12,"column":2},"end":{"line":12,"column":63}},"7":{"start":{"line":16,"column":22},"end":{"line":20,"column":1}},"8":{"start":{"line":17,"column":2},"end":{"line":19,"column":5}},"9":{"start":{"line":22,"column":0},"end":{"line":22,"column":66}}},"fnMap":{"0":{"name":"(anonymous_0)","decl":{"start":{"line":5,"column":21},"end":{"line":5,"column":22}},"loc":{"start":{"line":5,"column":41},"end":{"line":8,"column":1}},"line":5},"1":{"name":"(anonymous_1)","decl":{"start":{"line":11,"column":24},"end":{"line":11,"column":25}},"loc":{"start":{"line":11,"column":67},"end":{"line":13,"column":1}},"line":11},"2":{"name":"(anonymous_2)","decl":{"start":{"line":16,"column":22},"end":{"line":16,"column":23}},"loc":{"start":{"line":16,"column":40},"end":{"line":20,"column":1}},"line":16}},"branchMap":{"0":{"loc":{"start":{"line":18,"column":15},"end":{"line":18,"column":46}},"type":"binary-expr","locations":[{"start":{"line":18,"column":15},"end":{"line":18,"column":37}},{"start":{"line":18,"column":41},"end":{"line":18,"column":46}}],"line":18}},"s":{"0":2,"1":2,"2":2,"3":0,"4":0,"5":2,"6":0,"7":2,"8":0,"9":2},"f":{"0":0,"1":0,"2":0},"b":{"0":[0,0]},"_coverageSchema":"1a1c01bbd47fc00a2c39e90264f33305004495a9","hash":"13ad04f57799b526970a3bba118b8458fdf61204"}
,"C:\\intern\\incident-management-portal-backend\\backend\\utils\\calculateSLA.js": {"path":"C:\\intern\\incident-management-portal-backend\\backend\\utils\\calculateSLA.js","statementMap":{"0":{"start":{"line":2,"column":17},"end":{"line":2,"column":46}},"1":{"start":{"line":9,"column":21},"end":{"line":19,"column":1}},"2":{"start":{"line":10,"column":25},"end":{"line":10,"column":87}},"3":{"start":{"line":13,"column":23},"end":{"line":13,"column":69}},"4":{"start":{"line":14,"column":21},"end":{"line":14,"column":98}},"5":{"start":{"line":16,"column":16},"end":{"line":16,"column":26}},"6":{"start":{"line":17,"column":2},"end":{"line":17,"column":48}},"7":{"start":{"line":18,"column":2},"end":{"line":18,"column":15}},"8":{"start":{"line":21,"column":0},"end":{"line":21,"column":30}}},"fnMap":{"0":{"name":"(anonymous_0)","decl":{"start":{"line":9,"column":21},"end":{"line":9,"column":22}},"loc":{"start":{"line":9,"column":56},"end":{"line":19,"column":1}},"line":9}},"branchMap":{"0":{"loc":{"start":{"line":9,"column":28},"end":{"line":9,"column":51}},"type":"default-arg","locations":[{"start":{"line":9,"column":43},"end":{"line":9,"column":51}}],"line":9},"1":{"loc":{"start":{"line":14,"column":21},"end":{"line":14,"column":98}},"type":"cond-expr","locations":[{"start":{"line":14,"column":38},"end":{"line":14,"column":61}},{"start":{"line":14,"column":65},"end":{"line":14,"column":97}}],"line":14},"2":{"loc":{"start":{"line":14,"column":65},"end":{"line":14,"column":97}},"type":"binary-expr","locations":[{"start":{"line":14,"column":65},"end":{"line":14,"column":91}},{"start":{"line":14,"column":95},"end":{"line":14,"column":97}}],"line":14}},"s":{"0":5,"1":5,"2":4,"3":4,"4":4,"5":4,"6":4,"7":4,"8":5},"f":{"0":4},"b":{"0":[0],"1":[1,3],"2":[3,1]},"_coverageSchema":"1a1c01bbd47fc00a2c39e90264f33305004495a9","hash":"4836f4e17a1dc83bab95359309c73259b5ae4bc8"}
,"C:\\intern\\incident-management-portal-backend\\backend\\utils\\customError.js": {"path":"C:\\intern\\incident-management-portal-backend\\backend\\utils\\customError.js","statementMap":{"0":{"start":{"line":8,"column":26},"end":{"line":12,"column":1}},"1":{"start":{"line":9,"column":16},"end":{"line":9,"column":34}},"2":{"start":{"line":10,"column":2},"end":{"line":10,"column":32}},"3":{"start":{"line":11,"column":2},"end":{"line":11,"column":15}},"4":{"start":{"line":14,"column":0},"end":{"line":14,"column":35}}},"fnMap":{"0":{"name":"(anonymous_0)","decl":{"start":{"line":8,"column":26},"end":{"line":8,"column":27}},"loc":{"start":{"line":8,"column":51},"end":{"line":12,"column":1}},"line":8}},"branchMap":{},"s":{"0":15,"1":20,"2":20,"3":20,"4":15},"f":{"0":20},"b":{},"_coverageSchema":"1a1c01bbd47fc00a2c39e90264f33305004495a9","hash":"7bd4e0f66403df1c420f82864db44970c5785891"}
,"C:\\intern\\incident-management-portal-backend\\backend\\utils\\logger.js": {"path":"C:\\intern\\incident-management-portal-backend\\backend\\utils\\logger.js","statementMap":{"0":{"start":{"line":2,"column":45},"end":{"line":2,"column":63}},"1":{"start":{"line":5,"column":15},"end":{"line":11,"column":1}},"2":{"start":{"line":14,"column":14},"end":{"line":17,"column":1}},"3":{"start":{"line":15,"column":14},"end":{"line":15,"column":51}},"4":{"start":{"line":16,"column":2},"end":{"line":16,"column":50}},"5":{"start":{"line":20,"column":15},"end":{"line":26,"column":1}},"6":{"start":{"line":28,"column":0},"end":{"line":28,"column":37}},"7":{"start":{"line":31,"column":25},"end":{"line":35,"column":1}},"8":{"start":{"line":38,"column":26},"end":{"line":44,"column":1}},"9":{"start":{"line":42,"column":14},"end":{"line":42,"column":66}},"10":{"start":{"line":47,"column":15},"end":{"line":56,"column":2}},"11":{"start":{"line":58,"column":0},"end":{"line":58,"column":24}}},"fnMap":{"0":{"name":"(anonymous_0)","decl":{"start":{"line":14,"column":14},"end":{"line":14,"column":15}},"loc":{"start":{"line":14,"column":20},"end":{"line":17,"column":1}},"line":14},"1":{"name":"(anonymous_1)","decl":{"start":{"line":42,"column":4},"end":{"line":42,"column":5}},"loc":{"start":{"line":42,"column":14},"end":{"line":42,"column":66}},"line":42}},"branchMap":{"0":{"loc":{"start":{"line":15,"column":14},"end":{"line":15,"column":51}},"type":"binary-expr","locations":[{"start":{"line":15,"column":14},"end":{"line":15,"column":34}},{"start":{"line":15,"column":38},"end":{"line":15,"column":51}}],"line":15},"1":{"loc":{"start":{"line":16,"column":9},"end":{"line":16,"column":49}},"type":"cond-expr","locations":[{"start":{"line":16,"column":33},"end":{"line":16,"column":40}},{"start":{"line":16,"column":43},"end":{"line":16,"column":49}}],"line":16},"2":{"loc":{"start":{"line":50,"column":10},"end":{"line":50,"column":86}},"type":"cond-expr","locations":[{"start":{"line":50,"column":50},"end":{"line":50,"column":66}},{"start":{"line":50,"column":69},"end":{"line":50,"column":86}}],"line":50}},"s":{"0":6,"1":6,"2":6,"3":6,"4":6,"5":6,"6":6,"7":6,"8":6,"9":0,"10":6,"11":6},"f":{"0":6,"1":0},"b":{"0":[6,0],"1":[0,6],"2":[0,6]},"_coverageSchema":"1a1c01bbd47fc00a2c39e90264f33305004495a9","hash":"daf2bcca4d9aa5b24ce2d0ee4eda8f9e3faf0894"}
}
