TN:
SF:controllers\activityController.js
FN:4,(anonymous_0)
FNF:1
FNH:1
FNDA:2,(anonymous_0)
DA:1,1
DA:4,1
DA:5,2
DA:6,2
DA:7,1
DA:9,1
DA:14,1
LF:7
LH:7
BRF:0
BRH:0
end_of_record
TN:
SF:controllers\authController.js
FN:5,(anonymous_0)
FN:17,(anonymous_1)
FN:28,(anonymous_2)
FNF:3
FNH:3
FNDA:2,(anonymous_0)
FNDA:2,(anonymous_1)
FNDA:2,(anonymous_2)
DA:1,1
DA:5,1
DA:6,2
DA:8,2
DA:9,1
DA:11,1
DA:17,1
DA:18,2
DA:19,2
DA:20,1
DA:22,1
DA:28,1
DA:29,2
DA:30,2
DA:33,1
DA:37,1
LF:16
LH:16
BRF:0
BRH:0
end_of_record
TN:
SF:controllers\categoryController.js
FN:3,(anonymous_0)
FN:14,(anonymous_1)
FN:25,(anonymous_2)
FN:45,(anonymous_3)
FNF:4
FNH:4
FNDA:2,(anonymous_0)
FNDA:2,(anonymous_1)
FNDA:2,(anonymous_2)
FNDA:2,(anonymous_3)
DA:1,1
DA:3,1
DA:4,2
DA:5,2
DA:6,2
DA:7,1
DA:9,1
DA:14,1
DA:15,2
DA:16,2
DA:17,1
DA:19,1
DA:25,1
DA:26,2
DA:27,2
DA:28,2
DA:30,2
DA:31,1
DA:35,1
DA:45,1
DA:46,2
DA:47,2
DA:50,2
DA:52,1
DA:54,1
DA:61,1
LF:26
LH:26
BRF:0
BRH:0
end_of_record
TN:
SF:controllers\commentController.js
FN:6,(anonymous_0)
FN:31,(anonymous_1)
FN:43,(anonymous_2)
FNF:3
FNH:3
FNDA:4,(anonymous_0)
FNDA:2,(anonymous_1)
FNDA:2,(anonymous_2)
DA:2,1
DA:4,1
DA:6,1
DA:7,4
DA:8,4
DA:9,4
DA:11,4
DA:12,1
DA:14,3
DA:21,2
DA:26,2
DA:31,1
DA:32,2
DA:33,2
DA:34,2
DA:36,1
DA:38,1
DA:43,1
DA:44,2
DA:45,2
DA:46,1
DA:48,1
DA:53,1
LF:23
LH:23
BRDA:11,0,0,1
BRDA:11,0,1,3
BRDA:18,1,0,1
BRDA:18,1,1,2
BRF:4
BRH:4
end_of_record
TN:
SF:controllers\incidentController.js
FN:8,(anonymous_0)
FN:32,(anonymous_1)
FN:42,(anonymous_2)
FN:53,(anonymous_3)
FN:63,(anonymous_4)
FN:89,(anonymous_5)
FN:127,(anonymous_6)
FN:144,(anonymous_7)
FN:172,(anonymous_8)
FN:189,(anonymous_9)
FN:236,(anonymous_10)
FN:252,(anonymous_11)
FN:271,(anonymous_12)
FNF:13
FNH:13
FNDA:2,(anonymous_0)
FNDA:2,(anonymous_1)
FNDA:2,(anonymous_2)
FNDA:2,(anonymous_3)
FNDA:2,(anonymous_4)
FNDA:2,(anonymous_5)
FNDA:1,(anonymous_6)
FNDA:2,(anonymous_7)
FNDA:1,(anonymous_8)
FNDA:2,(anonymous_9)
FNDA:1,(anonymous_10)
FNDA:1,(anonymous_11)
FNDA:2,(anonymous_12)
DA:1,1
DA:2,1
DA:3,1
DA:4,1
DA:6,1
DA:8,1
DA:9,2
DA:10,2
DA:12,2
DA:22,1
DA:28,1
DA:32,1
DA:33,2
DA:34,2
DA:35,1
DA:37,1
DA:42,1
DA:43,2
DA:44,2
DA:46,1
DA:48,1
DA:53,1
DA:54,2
DA:55,2
DA:56,1
DA:58,1
DA:63,1
DA:64,2
DA:65,2
DA:66,2
DA:67,2
DA:69,2
DA:75,2
DA:80,0
DA:89,1
DA:90,2
DA:91,2
DA:92,2
DA:93,2
DA:95,2
DA:96,1
DA:97,1
DA:98,1
DA:102,1
DA:108,1
DA:113,1
DA:127,1
DA:128,1
DA:131,1
DA:133,1
DA:134,1
DA:136,1
DA:138,0
DA:144,1
DA:145,2
DA:146,2
DA:147,2
DA:148,1
DA:149,1
DA:150,1
DA:153,1
DA:159,1
DA:164,1
DA:172,1
DA:173,1
DA:175,1
DA:177,1
DA:178,1
DA:180,1
DA:182,0
DA:189,1
DA:190,2
DA:191,2
DA:228,1
DA:230,1
DA:236,1
DA:237,1
DA:238,1
DA:244,1
DA:246,0
DA:252,1
DA:253,1
DA:254,1
DA:256,1
DA:259,1
DA:260,1
DA:263,1
DA:264,1
DA:266,0
DA:271,1
DA:272,2
DA:273,2
DA:274,2
DA:275,2
DA:278,2
DA:279,2
DA:280,1
DA:281,1
DA:282,1
DA:284,1
DA:285,1
DA:287,1
DA:292,1
DA:299,1
LF:104
LH:99
BRDA:76,0,0,1
BRDA:76,0,1,1
BRDA:95,1,0,1
BRDA:95,1,1,1
BRDA:147,2,0,1
BRDA:147,2,1,1
BRDA:259,3,0,1
BRDA:259,3,1,0
BRDA:259,4,0,1
BRDA:259,4,1,0
BRDA:279,5,0,1
BRDA:279,5,1,1
BRF:12
BRH:10
end_of_record
TN:
SF:controllers\userController.js
FN:8,(anonymous_0)
FN:22,(anonymous_1)
FN:39,(anonymous_2)
FN:54,(anonymous_3)
FN:68,(anonymous_4)
FNF:5
FNH:5
FNDA:2,(anonymous_0)
FNDA:2,(anonymous_1)
FNDA:2,(anonymous_2)
FNDA:3,(anonymous_3)
FNDA:2,(anonymous_4)
DA:2,1
DA:8,1
DA:9,2
DA:11,2
DA:12,1
DA:15,1
DA:22,1
DA:23,2
DA:25,2
DA:26,1
DA:29,1
DA:39,1
DA:40,2
DA:41,2
DA:43,2
DA:44,1
DA:47,1
DA:54,1
DA:55,3
DA:56,3
DA:57,3
DA:60,3
DA:61,2
DA:64,1
DA:68,1
DA:69,2
DA:70,2
DA:72,2
DA:73,1
DA:76,1
DA:82,1
LF:31
LH:31
BRDA:57,0,0,2
BRDA:57,0,1,1
BRF:2
BRH:2
end_of_record
TN:
SF:jobs\escalationJob.js
FN:7,(anonymous_0)
FN:9,(anonymous_1)
FNF:2
FNH:0
FNDA:0,(anonymous_0)
FNDA:0,(anonymous_1)
DA:3,1
DA:4,1
DA:5,1
DA:7,1
DA:9,0
DA:10,0
DA:11,0
DA:12,0
DA:13,0
DA:15,0
DA:19,0
DA:22,1
LF:12
LH:5
BRF:0
BRH:0
end_of_record
TN:
SF:middlewares\authMiddleware.js
FN:4,(anonymous_0)
FN:31,(anonymous_1)
FN:32,(anonymous_2)
FN:42,(anonymous_3)
FN:43,(anonymous_4)
FNF:5
FNH:5
FNDA:4,(anonymous_0)
FNDA:2,(anonymous_1)
FNDA:2,(anonymous_2)
FNDA:3,(anonymous_3)
FNDA:3,(anonymous_4)
DA:1,1
DA:2,1
DA:4,1
DA:7,4
DA:11,3
DA:12,3
DA:13,3
DA:15,2
DA:16,2
DA:17,1
DA:20,1
DA:22,1
DA:26,2
DA:27,1
DA:31,1
DA:32,2
DA:33,2
DA:34,1
DA:38,1
DA:42,1
DA:43,3
DA:44,3
DA:47,3
DA:48,1
DA:52,2
DA:53,1
DA:56,1
DA:64,1
LF:28
LH:28
BRDA:7,0,0,3
BRDA:7,0,1,1
BRDA:8,1,0,4
BRDA:8,1,1,3
BRDA:16,2,0,1
BRDA:16,2,1,1
BRDA:16,3,0,2
BRDA:16,3,1,2
BRDA:26,4,0,1
BRDA:26,4,1,1
BRDA:33,5,0,1
BRDA:33,5,1,1
BRDA:33,6,0,2
BRDA:33,6,1,2
BRDA:47,7,0,1
BRDA:47,7,1,2
BRDA:52,8,0,1
BRDA:52,8,1,1
BRDA:52,9,0,2
BRDA:52,9,1,2
BRF:20
BRH:20
end_of_record
TN:
SF:middlewares\errorHandler.js
FN:4,(anonymous_0)
FNF:1
FNH:1
FNDA:2,(anonymous_0)
DA:2,1
DA:4,1
DA:6,2
DA:7,2
DA:11,2
DA:19,1
LF:6
LH:6
BRDA:6,0,0,2
BRDA:6,0,1,1
BRDA:8,1,0,2
BRDA:8,1,1,1
BRDA:13,2,0,2
BRDA:13,2,1,1
BRDA:15,3,0,2
BRDA:15,3,1,0
BRF:8
BRH:7
end_of_record
TN:
SF:middlewares\morganMiddleware.js
FN:7,(anonymous_0)
FN:11,(anonymous_1)
FNF:2
FNH:0
FNDA:0,(anonymous_0)
FNDA:0,(anonymous_1)
DA:2,1
DA:3,1
DA:6,1
DA:7,0
DA:11,1
DA:12,0
DA:13,0
DA:17,1
DA:22,1
LF:9
LH:6
BRDA:12,0,0,0
BRDA:12,0,1,0
BRF:2
BRH:0
end_of_record
TN:
SF:middlewares\rateLimiter.js
FN:11,(anonymous_0)
FNF:1
FNH:0
FNDA:0,(anonymous_0)
DA:2,1
DA:3,1
DA:6,1
DA:13,0
DA:17,1
LF:5
LH:4
BRF:0
BRH:0
end_of_record
TN:
SF:middlewares\roleMiddleware.js
FN:1,(anonymous_0)
FN:2,(anonymous_1)
FNF:2
FNH:2
FNDA:2,(anonymous_0)
FNDA:2,(anonymous_1)
DA:1,1
DA:2,2
DA:3,2
DA:4,1
DA:8,1
DA:12,1
LF:6
LH:6
BRDA:3,0,0,1
BRDA:3,0,1,1
BRF:2
BRH:2
end_of_record
TN:
SF:middlewares\uploadMiddleware.js
FN:7,(anonymous_0)
FN:10,(anonymous_1)
FN:17,(anonymous_2)
FNF:3
FNH:1
FNDA:0,(anonymous_0)
FNDA:0,(anonymous_1)
FNDA:2,(anonymous_2)
DA:2,1
DA:3,1
DA:6,1
DA:8,0
DA:11,0
DA:12,0
DA:17,1
DA:18,2
DA:19,2
DA:20,2
DA:22,2
DA:23,1
DA:25,1
DA:29,1
DA:35,1
LF:15
LH:12
BRDA:22,0,0,1
BRDA:22,0,1,1
BRDA:22,1,0,2
BRDA:22,1,1,1
BRF:4
BRH:4
end_of_record
TN:
SF:middlewares\validationMiddleware.js
FN:4,(anonymous_0)
FN:9,(anonymous_1)
FNF:2
FNH:2
FNDA:2,(anonymous_0)
FNDA:1,(anonymous_1)
DA:2,1
DA:4,1
DA:5,2
DA:6,2
DA:7,1
DA:9,1
DA:15,1
DA:18,1
LF:8
LH:8
BRDA:6,0,0,1
BRDA:6,0,1,1
BRF:2
BRH:2
end_of_record
TN:
SF:models\ActivityLog.js
FNF:0
FNH:0
DA:2,8
DA:4,8
DA:33,8
LF:3
LH:3
BRF:0
BRH:0
end_of_record
TN:
SF:models\Attachment.js
FNF:0
FNH:0
DA:2,4
DA:4,4
DA:29,4
LF:3
LH:3
BRF:0
BRH:0
end_of_record
TN:
SF:models\Category.js
FNF:0
FNH:0
DA:2,2
DA:4,2
DA:26,2
LF:3
LH:3
BRF:0
BRH:0
end_of_record
TN:
SF:models\Comment.js
FNF:0
FNH:0
DA:2,2
DA:4,2
DA:27,2
LF:3
LH:3
BRF:0
BRH:0
end_of_record
TN:
SF:models\Incident.js
FN:59,(anonymous_0)
FNF:1
FNH:0
FNDA:0,(anonymous_0)
DA:2,9
DA:4,9
DA:59,9
DA:61,0
DA:62,0
DA:64,0
DA:68,9
DA:69,9
DA:70,9
DA:71,9
DA:75,9
LF:11
LH:8
BRDA:61,0,0,0
BRDA:61,0,1,0
BRF:2
BRH:0
end_of_record
TN:
SF:models\Priority.js
FNF:0
FNH:0
DA:1,5
DA:3,5
DA:10,5
LF:3
LH:3
BRF:0
BRH:0
end_of_record
TN:
SF:models\User.js
FN:51,(anonymous_0)
FNF:1
FNH:0
FNDA:0,(anonymous_0)
DA:2,9
DA:4,9
DA:52,0
DA:66,9
LF:4
LH:3
BRF:0
BRH:0
end_of_record
TN:
SF:services\activityService.js
FN:8,(anonymous_0)
FNF:1
FNH:1
FNDA:3,(anonymous_0)
DA:2,2
DA:3,2
DA:4,2
DA:5,2
DA:6,2
DA:8,2
DA:10,3
DA:11,1
DA:15,2
DA:16,2
DA:17,1
DA:19,1
DA:20,1
DA:25,2
LF:14
LH:14
BRDA:10,0,0,1
BRDA:10,0,1,2
BRDA:16,1,0,1
BRDA:16,1,1,1
BRF:4
BRH:4
end_of_record
TN:
SF:services\authService.js
FN:8,(anonymous_0)
FN:58,(anonymous_1)
FNF:2
FNH:2
FNDA:5,(anonymous_0)
FNDA:4,(anonymous_1)
DA:1,2
DA:2,2
DA:4,2
DA:5,2
DA:8,2
DA:11,5
DA:13,1
DA:16,4
DA:18,4
DA:19,1
DA:22,3
DA:25,3
DA:26,2
DA:27,1
DA:28,1
DA:31,1
DA:33,1
DA:42,1
DA:43,1
DA:44,1
DA:58,2
DA:60,4
DA:62,1
DA:65,3
DA:66,3
DA:67,1
DA:68,1
DA:71,2
DA:72,0
DA:73,0
DA:76,2
DA:77,2
DA:78,1
DA:79,1
DA:82,1
DA:83,1
DA:85,1
DA:98,2
LF:38
LH:36
BRDA:11,0,0,1
BRDA:11,0,1,4
BRDA:11,1,0,5
BRDA:11,1,1,4
BRDA:11,1,2,4
BRDA:18,2,0,1
BRDA:18,2,1,3
BRDA:22,3,0,3
BRDA:22,3,1,1
BRDA:25,4,0,2
BRDA:25,4,1,1
BRDA:26,5,0,1
BRDA:26,5,1,1
BRDA:27,6,0,1
BRDA:27,6,1,0
BRDA:27,7,0,1
BRDA:27,7,1,1
BRDA:38,8,0,0
BRDA:38,8,1,1
BRDA:39,9,0,0
BRDA:39,9,1,1
BRDA:60,10,0,1
BRDA:60,10,1,3
BRDA:60,11,0,4
BRDA:60,11,1,3
BRDA:66,12,0,1
BRDA:66,12,1,2
BRDA:71,13,0,0
BRDA:71,13,1,2
BRDA:71,14,0,2
BRDA:71,14,1,2
BRDA:77,15,0,1
BRDA:77,15,1,1
BRDA:90,16,0,1
BRDA:90,16,1,1
BRDA:91,17,0,1
BRDA:91,17,1,1
BRDA:92,18,0,1
BRDA:92,18,1,0
BRF:39
BRH:34
end_of_record
TN:
SF:services\categoryService.js
FN:7,(anonymous_0)
FN:24,(anonymous_1)
FN:29,(anonymous_2)
FN:51,(anonymous_3)
FNF:4
FNH:4
FNDA:3,(anonymous_0)
FNDA:1,(anonymous_1)
FNDA:3,(anonymous_2)
FNDA:3,(anonymous_3)
DA:1,2
DA:2,2
DA:3,2
DA:4,2
DA:7,2
DA:9,3
DA:11,1
DA:14,2
DA:15,2
DA:16,1
DA:18,1
DA:19,1
DA:20,1
DA:24,2
DA:25,1
DA:29,2
DA:30,3
DA:32,1
DA:35,2
DA:41,2
DA:43,1
DA:45,1
DA:47,1
DA:51,2
DA:52,3
DA:54,1
DA:57,2
DA:59,2
DA:61,1
DA:63,1
DA:64,1
DA:67,2
LF:32
LH:32
BRDA:9,0,0,1
BRDA:9,0,1,2
BRDA:15,1,0,1
BRDA:15,1,1,1
BRDA:30,2,0,1
BRDA:30,2,1,2
BRDA:41,3,0,1
BRDA:41,3,1,1
BRDA:52,4,0,1
BRDA:52,4,1,2
BRDA:59,5,0,1
BRDA:59,5,1,1
BRF:12
BRH:12
end_of_record
TN:
SF:services\commentService.js
FN:12,(anonymous_0)
FN:33,(anonymous_1)
FN:60,(anonymous_2)
FNF:3
FNH:3
FNDA:3,(anonymous_0)
FNDA:3,(anonymous_1)
FNDA:3,(anonymous_2)
DA:2,2
DA:3,2
DA:4,2
DA:5,2
DA:6,2
DA:8,2
DA:9,2
DA:12,2
DA:13,3
DA:14,1
DA:17,2
DA:18,2
DA:19,1
DA:22,1
DA:28,1
DA:29,1
DA:33,2
DA:34,3
DA:35,1
DA:37,2
DA:39,2
DA:40,2
DA:41,1
DA:44,2
DA:48,2
DA:52,2
DA:60,2
DA:62,3
DA:63,1
DA:66,2
DA:67,2
DA:68,1
DA:72,1
DA:77,2
LF:34
LH:34
BRDA:12,0,0,2
BRDA:13,1,0,1
BRDA:13,1,1,2
BRDA:18,2,0,1
BRDA:18,2,1,1
BRDA:34,3,0,1
BRDA:34,3,1,2
BRDA:40,4,0,1
BRDA:40,4,1,1
BRDA:62,5,0,1
BRDA:62,5,1,2
BRDA:67,6,0,1
BRDA:67,6,1,1
BRF:13
BRH:13
end_of_record
TN:
SF:services\dashboardService.js
FN:5,(anonymous_0)
FN:11,(anonymous_1)
FNF:2
FNH:2
FNDA:1,(anonymous_0)
FNDA:3,(anonymous_1)
DA:2,1
DA:3,1
DA:5,1
DA:6,1
DA:7,1
DA:8,1
DA:11,1
DA:13,3
DA:14,1
DA:16,2
DA:17,2
DA:20,2
DA:21,1
DA:24,2
DA:27,2
DA:30,2
DA:31,2
DA:32,2
DA:33,2
DA:34,2
DA:37,2
DA:40,2
DA:41,2
DA:42,2
DA:43,2
DA:46,2
DA:52,2
DA:76,1
LF:28
LH:28
BRDA:13,0,0,1
BRDA:13,0,1,2
BRDA:16,1,0,2
BRDA:16,1,1,0
BRDA:20,2,0,1
BRDA:20,2,1,1
BRF:6
BRH:5
end_of_record
TN:
SF:services\incidentService.js
FN:12,(anonymous_0)
FN:21,(anonymous_1)
FN:65,(anonymous_2)
FN:107,(anonymous_3)
FN:118,(anonymous_4)
FN:176,(anonymous_5)
FN:247,(anonymous_6)
FN:256,(anonymous_7)
FN:357,(anonymous_8)
FN:367,(anonymous_9)
FN:387,(anonymous_10)
FN:436,(anonymous_11)
FN:448,(anonymous_12)
FN:451,(anonymous_13)
FN:452,(anonymous_14)
FN:453,(anonymous_15)
FN:454,(anonymous_16)
FN:455,(anonymous_17)
FN:467,(anonymous_18)
FN:494,(anonymous_19)
FN:517,(anonymous_20)
FNF:21
FNH:13
FNDA:10,(anonymous_0)
FNDA:2,(anonymous_1)
FNDA:4,(anonymous_2)
FNDA:1,(anonymous_3)
FNDA:4,(anonymous_4)
FNDA:3,(anonymous_5)
FNDA:4,(anonymous_6)
FNDA:2,(anonymous_7)
FNDA:0,(anonymous_8)
FNDA:1,(anonymous_9)
FNDA:7,(anonymous_10)
FNDA:1,(anonymous_11)
FNDA:0,(anonymous_12)
FNDA:0,(anonymous_13)
FNDA:0,(anonymous_14)
FNDA:0,(anonymous_15)
FNDA:0,(anonymous_16)
FNDA:0,(anonymous_17)
FNDA:1,(anonymous_18)
FNDA:1,(anonymous_19)
FNDA:0,(anonymous_20)
DA:1,4
DA:2,4
DA:3,4
DA:4,4
DA:5,4
DA:6,4
DA:7,4
DA:8,4
DA:9,4
DA:12,4
DA:13,10
DA:14,10
DA:15,10
DA:21,4
DA:23,2
DA:26,2
DA:36,2
DA:37,1
DA:38,1
DA:42,2
DA:45,2
DA:46,1
DA:55,2
DA:61,2
DA:65,4
DA:66,4
DA:67,4
DA:70,4
DA:73,4
DA:76,1
DA:77,3
DA:80,2
DA:81,1
DA:88,4
DA:89,4
DA:90,4
DA:93,4
DA:94,1
DA:100,4
DA:107,4
DA:108,1
DA:118,4
DA:120,4
DA:122,4
DA:126,1
DA:129,3
DA:134,3
DA:137,1
DA:140,2
DA:141,2
DA:144,2
DA:145,1
DA:146,1
DA:149,1
DA:154,1
DA:155,0
DA:156,0
DA:159,0
DA:160,0
DA:161,0
DA:164,0
DA:167,0
DA:172,1
DA:176,4
DA:178,3
DA:179,3
DA:180,1
DA:183,2
DA:186,2
DA:187,2
DA:188,2
DA:189,0
DA:191,2
DA:192,1
DA:195,1
DA:198,0
DA:202,1
DA:203,1
DA:207,1
DA:210,1
DA:218,1
DA:219,1
DA:240,1
DA:247,4
DA:248,4
DA:249,4
DA:250,4
DA:256,4
DA:258,2
DA:259,2
DA:261,2
DA:264,0
DA:267,2
DA:270,0
DA:274,2
DA:280,2
DA:283,0
DA:287,2
DA:290,0
DA:295,2
DA:296,2
DA:298,2
DA:303,1
DA:308,1
DA:309,1
DA:310,1
DA:311,1
DA:313,1
DA:318,1
DA:323,0
DA:332,0
DA:333,0
DA:341,0
DA:345,0
DA:346,0
DA:358,0
DA:363,0
DA:367,4
DA:369,1
DA:371,1
DA:377,1
DA:378,1
DA:382,1
DA:384,1
DA:387,4
DA:388,7
DA:389,7
DA:390,1
DA:393,6
DA:394,6
DA:395,2
DA:398,4
DA:399,4
DA:400,4
DA:403,4
DA:412,4
DA:414,4
DA:415,3
DA:432,4
DA:436,4
DA:437,1
DA:440,1
DA:441,1
DA:445,0
DA:448,0
DA:451,0
DA:452,0
DA:453,0
DA:454,0
DA:455,0
DA:458,0
DA:459,0
DA:461,0
DA:467,4
DA:468,1
DA:470,1
DA:478,1
DA:479,0
DA:480,0
DA:483,1
DA:485,1
DA:487,1
DA:488,1
DA:490,1
DA:491,1
DA:494,1
DA:495,1
DA:498,1
DA:499,2
DA:518,0
DA:522,1
DA:523,1
DA:524,1
DA:526,1
DA:533,1
DA:536,1
DA:537,1
DA:541,4
LF:178
LH:144
BRDA:23,0,0,2
BRDA:23,0,1,1
BRDA:30,1,0,2
BRDA:30,1,1,1
BRDA:31,2,0,2
BRDA:31,2,1,1
BRDA:36,3,0,1
BRDA:36,3,1,1
BRDA:45,4,0,1
BRDA:45,4,1,1
BRDA:50,5,0,1
BRDA:50,5,1,1
BRDA:57,6,0,1
BRDA:57,6,1,1
BRDA:58,7,0,2
BRDA:58,7,1,1
BRDA:70,8,0,4
BRDA:70,8,1,4
BRDA:70,8,2,4
BRDA:73,9,0,1
BRDA:73,9,1,3
BRDA:73,10,0,4
BRDA:73,10,1,3
BRDA:77,11,0,2
BRDA:77,11,1,1
BRDA:80,12,0,1
BRDA:80,12,1,1
BRDA:88,13,0,1
BRDA:88,13,1,3
BRDA:89,14,0,0
BRDA:89,14,1,4
BRDA:90,15,0,0
BRDA:90,15,1,4
BRDA:93,16,0,1
BRDA:93,16,1,3
BRDA:120,17,0,4
BRDA:120,17,1,0
BRDA:122,18,0,1
BRDA:122,18,1,3
BRDA:134,19,0,1
BRDA:134,19,1,2
BRDA:140,20,0,2
BRDA:140,20,1,0
BRDA:144,21,0,1
BRDA:144,21,1,1
BRDA:144,22,0,2
BRDA:144,22,1,1
BRDA:145,23,0,1
BRDA:145,23,1,0
BRDA:146,24,0,1
BRDA:146,24,1,0
BRDA:154,25,0,0
BRDA:154,25,1,1
BRDA:155,26,0,0
BRDA:155,26,1,0
BRDA:160,27,0,0
BRDA:160,27,1,0
BRDA:161,28,0,0
BRDA:161,28,1,0
BRDA:161,28,2,0
BRDA:164,29,0,0
BRDA:164,29,1,0
BRDA:164,30,0,0
BRDA:164,30,1,0
BRDA:179,31,0,1
BRDA:179,31,1,2
BRDA:186,32,0,2
BRDA:186,32,1,0
BRDA:188,33,0,0
BRDA:188,33,1,2
BRDA:191,34,0,1
BRDA:191,34,1,1
BRDA:191,35,0,2
BRDA:191,35,1,1
BRDA:202,36,0,1
BRDA:202,36,1,0
BRDA:202,37,0,1
BRDA:202,37,1,1
BRDA:202,37,2,0
BRDA:212,38,0,1
BRDA:212,38,1,0
BRDA:214,39,0,1
BRDA:214,39,1,0
BRDA:218,40,0,1
BRDA:218,40,1,0
BRDA:218,41,0,1
BRDA:218,41,1,1
BRDA:248,42,0,0
BRDA:248,42,1,4
BRDA:249,43,0,4
BRDA:249,43,1,0
BRDA:250,44,0,4
BRDA:250,44,1,0
BRDA:261,45,0,0
BRDA:261,45,1,2
BRDA:267,46,0,0
BRDA:267,46,1,2
BRDA:280,47,0,0
BRDA:280,47,1,2
BRDA:287,48,0,0
BRDA:287,48,1,2
BRDA:287,49,0,2
BRDA:287,49,1,2
BRDA:298,50,0,1
BRDA:298,50,1,1
BRDA:309,51,0,1
BRDA:309,51,1,0
BRDA:313,52,0,1
BRDA:313,52,1,0
BRDA:313,53,0,1
BRDA:313,53,1,1
BRDA:318,54,0,1
BRDA:318,54,1,0
BRDA:336,55,0,0
BRDA:336,55,1,0
BRDA:345,56,0,0
BRDA:345,56,1,0
BRDA:369,57,0,1
BRDA:369,57,1,0
BRDA:377,58,0,1
BRDA:377,58,1,0
BRDA:377,59,0,1
BRDA:377,59,1,1
BRDA:389,60,0,1
BRDA:389,60,1,6
BRDA:394,61,0,2
BRDA:394,61,1,4
BRDA:414,62,0,3
BRDA:414,62,1,1
BRDA:440,63,0,1
BRDA:440,63,1,0
BRDA:440,64,0,1
BRDA:440,64,1,1
BRDA:448,65,0,0
BRDA:448,65,1,0
BRDA:451,66,0,0
BRDA:451,66,1,0
BRDA:452,67,0,0
BRDA:452,67,1,0
BRDA:453,68,0,0
BRDA:453,68,1,0
BRDA:454,69,0,0
BRDA:454,69,1,0
BRDA:478,70,0,0
BRDA:478,70,1,1
BRDA:490,71,0,1
BRDA:490,71,1,0
BRDA:495,72,0,1
BRDA:495,72,1,0
BRDA:512,73,0,2
BRDA:512,73,1,0
BRF:151
BRH:95
end_of_record
TN:
SF:services\notificationService.js
FN:10,(anonymous_0)
FN:35,(anonymous_1)
FNF:2
FNH:2
FNDA:4,(anonymous_0)
FNDA:5,(anonymous_1)
DA:2,5
DA:3,5
DA:4,5
DA:5,5
DA:10,5
DA:11,4
DA:13,4
DA:35,5
DA:36,5
DA:38,5
DA:45,1
DA:46,1
DA:49,4
DA:51,4
DA:59,4
DA:61,3
DA:62,3
DA:65,1
DA:66,1
DA:70,5
LF:20
LH:20
BRDA:11,0,0,4
BRDA:11,0,1,0
BRDA:14,1,0,4
BRDA:14,1,1,1
BRDA:15,2,0,4
BRDA:15,2,1,1
BRDA:38,3,0,1
BRDA:38,3,1,4
BRDA:38,4,0,5
BRDA:38,4,1,4
BRDA:52,5,0,4
BRDA:52,5,1,1
BRDA:56,6,0,4
BRDA:56,6,1,3
BRF:14
BRH:13
end_of_record
TN:
SF:services\userService.js
FN:7,(anonymous_0)
FN:23,(anonymous_1)
FN:53,(anonymous_2)
FN:79,(anonymous_3)
FN:112,(anonymous_4)
FN:132,(anonymous_5)
FNF:6
FNH:6
FNDA:2,(anonymous_0)
FNDA:3,(anonymous_1)
FNDA:4,(anonymous_2)
FNDA:4,(anonymous_3)
FNDA:4,(anonymous_4)
FNDA:2,(anonymous_5)
DA:2,2
DA:3,2
DA:4,2
DA:7,2
DA:8,2
DA:9,2
DA:11,2
DA:13,2
DA:14,1
DA:20,2
DA:23,2
DA:24,3
DA:26,1
DA:29,2
DA:30,2
DA:32,1
DA:35,1
DA:42,1
DA:53,2
DA:55,4
DA:56,1
DA:59,3
DA:60,3
DA:61,1
DA:64,2
DA:65,2
DA:66,2
DA:67,1
DA:68,1
DA:71,1
DA:72,1
DA:75,1
DA:76,1
DA:79,2
DA:81,4
DA:82,1
DA:84,3
DA:86,3
DA:87,3
DA:88,1
DA:91,2
DA:92,2
DA:94,2
DA:95,2
DA:96,2
DA:98,1
DA:100,1
DA:102,1
DA:104,1
DA:112,2
DA:114,4
DA:115,1
DA:118,3
DA:120,1
DA:123,2
DA:124,2
DA:126,1
DA:129,1
DA:132,2
DA:133,2
DA:135,1
DA:138,1
DA:144,2
LF:63
LH:63
BRDA:11,0,0,1
BRDA:11,0,1,1
BRDA:13,1,0,1
BRDA:13,1,1,1
BRDA:24,2,0,1
BRDA:24,2,1,2
BRDA:24,3,0,3
BRDA:24,3,1,3
BRDA:24,3,2,2
BRDA:30,4,0,1
BRDA:30,4,1,1
BRDA:39,5,0,1
BRDA:39,5,1,1
BRDA:55,6,0,1
BRDA:55,6,1,3
BRDA:60,7,0,1
BRDA:60,7,1,2
BRDA:64,8,0,2
BRDA:64,8,1,0
BRDA:66,9,0,1
BRDA:66,9,1,1
BRDA:71,10,0,1
BRDA:71,10,1,0
BRDA:81,11,0,1
BRDA:81,11,1,3
BRDA:87,12,0,1
BRDA:87,12,1,2
BRDA:91,13,0,1
BRDA:91,13,1,1
BRDA:92,14,0,2
BRDA:92,14,1,0
BRDA:94,15,0,2
BRDA:94,15,1,0
BRDA:96,16,0,1
BRDA:96,16,1,1
BRDA:114,17,0,1
BRDA:114,17,1,3
BRDA:118,18,0,1
BRDA:118,18,1,2
BRDA:118,19,0,3
BRDA:118,19,1,3
BRDA:124,20,0,1
BRDA:124,20,1,1
BRDA:133,21,0,1
BRDA:133,21,1,1
BRF:45
BRH:41
end_of_record
TN:
SF:utils\activityLogger.js
FN:4,(anonymous_0)
FNF:1
FNH:0
FNDA:0,(anonymous_0)
DA:2,6
DA:4,6
DA:5,0
DA:6,0
DA:14,0
DA:18,6
LF:6
LH:3
BRDA:4,0,0,0
BRDA:4,1,0,0
BRF:2
BRH:0
end_of_record
TN:
SF:utils\authUtils.js
FN:5,(anonymous_0)
FN:11,(anonymous_1)
FN:16,(anonymous_2)
FNF:3
FNH:0
FNDA:0,(anonymous_0)
FNDA:0,(anonymous_1)
FNDA:0,(anonymous_2)
DA:1,2
DA:2,2
DA:5,2
DA:6,0
DA:7,0
DA:11,2
DA:12,0
DA:16,2
DA:17,0
DA:22,2
LF:10
LH:6
BRDA:18,0,0,0
BRDA:18,0,1,0
BRF:2
BRH:0
end_of_record
TN:
SF:utils\calculateSLA.js
FN:9,(anonymous_0)
FNF:1
FNH:1
FNDA:4,(anonymous_0)
DA:2,5
DA:9,5
DA:10,4
DA:13,4
DA:14,4
DA:16,4
DA:17,4
DA:18,4
DA:21,5
LF:9
LH:9
BRDA:9,0,0,0
BRDA:14,1,0,1
BRDA:14,1,1,3
BRDA:14,2,0,3
BRDA:14,2,1,1
BRF:5
BRH:4
end_of_record
TN:
SF:utils\customError.js
FN:8,(anonymous_0)
FNF:1
FNH:1
FNDA:20,(anonymous_0)
DA:8,15
DA:9,20
DA:10,20
DA:11,20
DA:14,15
LF:5
LH:5
BRF:0
BRH:0
end_of_record
TN:
SF:utils\logger.js
FN:14,(anonymous_0)
FN:42,(anonymous_1)
FNF:2
FNH:1
FNDA:6,(anonymous_0)
FNDA:0,(anonymous_1)
DA:2,6
DA:5,6
DA:14,6
DA:15,6
DA:16,6
DA:20,6
DA:28,6
DA:31,6
DA:38,6
DA:42,0
DA:47,6
DA:58,6
LF:12
LH:11
BRDA:15,0,0,6
BRDA:15,0,1,0
BRDA:16,1,0,0
BRDA:16,1,1,6
BRDA:50,2,0,0
BRDA:50,2,1,6
BRF:6
BRH:3
end_of_record
